mode: set
github.com/pinchtab/pinchtab/internal/authn/audit.go:11.60,13.2 1 0
github.com/pinchtab/pinchtab/internal/authn/audit.go:16.61,18.2 1 0
github.com/pinchtab/pinchtab/internal/authn/audit.go:20.54,22.14 2 0
github.com/pinchtab/pinchtab/internal/authn/audit.go:22.14,24.3 1 0
github.com/pinchtab/pinchtab/internal/authn/audit.go:25.2,31.68 2 0
github.com/pinchtab/pinchtab/internal/authn/audit.go:31.68,33.3 1 0
github.com/pinchtab/pinchtab/internal/authn/audit.go:34.2,34.71 1 0
github.com/pinchtab/pinchtab/internal/authn/audit.go:34.71,36.3 1 0
github.com/pinchtab/pinchtab/internal/authn/audit.go:37.2,37.14 1 0
github.com/pinchtab/pinchtab/internal/authn/cookie.go:13.108,14.22 1 0
github.com/pinchtab/pinchtab/internal/authn/cookie.go:14.22,16.3 1 0
github.com/pinchtab/pinchtab/internal/authn/cookie.go:17.2,26.4 1 0
github.com/pinchtab/pinchtab/internal/authn/cookie.go:30.65,41.2 1 0
github.com/pinchtab/pinchtab/internal/authn/rate_limit.go:27.66,29.17 2 1
github.com/pinchtab/pinchtab/internal/authn/rate_limit.go:29.17,31.3 1 0
github.com/pinchtab/pinchtab/internal/authn/rate_limit.go:32.2,33.22 2 1
github.com/pinchtab/pinchtab/internal/authn/rate_limit.go:33.22,35.3 1 0
github.com/pinchtab/pinchtab/internal/authn/rate_limit.go:36.2,41.3 1 1
github.com/pinchtab/pinchtab/internal/authn/rate_limit.go:44.66,45.14 1 1
github.com/pinchtab/pinchtab/internal/authn/rate_limit.go:45.14,47.3 1 0
github.com/pinchtab/pinchtab/internal/authn/rate_limit.go:48.2,49.15 2 1
github.com/pinchtab/pinchtab/internal/authn/rate_limit.go:49.15,51.3 1 0
github.com/pinchtab/pinchtab/internal/authn/rate_limit.go:53.2,59.35 5 1
github.com/pinchtab/pinchtab/internal/authn/rate_limit.go:59.35,61.3 1 1
github.com/pinchtab/pinchtab/internal/authn/rate_limit.go:63.2,64.20 2 1
github.com/pinchtab/pinchtab/internal/authn/rate_limit.go:64.20,66.3 1 0
github.com/pinchtab/pinchtab/internal/authn/rate_limit.go:67.2,67.26 1 1
github.com/pinchtab/pinchtab/internal/authn/rate_limit.go:70.52,71.14 1 1
github.com/pinchtab/pinchtab/internal/authn/rate_limit.go:71.14,73.3 1 0
github.com/pinchtab/pinchtab/internal/authn/rate_limit.go:74.2,75.15 2 1
github.com/pinchtab/pinchtab/internal/authn/rate_limit.go:75.15,77.3 1 0
github.com/pinchtab/pinchtab/internal/authn/rate_limit.go:79.2,85.41 5 1
github.com/pinchtab/pinchtab/internal/authn/rate_limit.go:88.44,89.14 1 1
github.com/pinchtab/pinchtab/internal/authn/rate_limit.go:89.14,91.3 1 0
github.com/pinchtab/pinchtab/internal/authn/rate_limit.go:92.2,93.15 2 1
github.com/pinchtab/pinchtab/internal/authn/rate_limit.go:93.15,95.3 1 0
github.com/pinchtab/pinchtab/internal/authn/rate_limit.go:96.2,98.15 3 1
github.com/pinchtab/pinchtab/internal/authn/rate_limit.go:101.49,102.14 1 0
github.com/pinchtab/pinchtab/internal/authn/rate_limit.go:102.14,104.3 1 0
github.com/pinchtab/pinchtab/internal/authn/rate_limit.go:105.2,105.17 1 0
github.com/pinchtab/pinchtab/internal/authn/rate_limit.go:108.44,109.14 1 0
github.com/pinchtab/pinchtab/internal/authn/rate_limit.go:109.14,111.3 1 0
github.com/pinchtab/pinchtab/internal/authn/rate_limit.go:112.2,112.22 1 0
github.com/pinchtab/pinchtab/internal/authn/rate_limit.go:115.77,117.20 2 1
github.com/pinchtab/pinchtab/internal/authn/rate_limit.go:117.20,119.3 1 1
github.com/pinchtab/pinchtab/internal/authn/rate_limit.go:120.2,121.26 2 1
github.com/pinchtab/pinchtab/internal/authn/rate_limit.go:121.26,122.29 1 1
github.com/pinchtab/pinchtab/internal/authn/rate_limit.go:122.29,124.4 1 1
github.com/pinchtab/pinchtab/internal/authn/rate_limit.go:126.2,126.24 1 1
github.com/pinchtab/pinchtab/internal/authn/rate_limit.go:126.24,129.3 2 1
github.com/pinchtab/pinchtab/internal/authn/rate_limit.go:130.2,131.17 2 1
github.com/pinchtab/pinchtab/internal/authn/request.go:29.58,30.14 1 1
github.com/pinchtab/pinchtab/internal/authn/request.go:30.14,32.3 1 0
github.com/pinchtab/pinchtab/internal/authn/request.go:34.2,34.87 1 1
github.com/pinchtab/pinchtab/internal/authn/request.go:34.87,36.3 1 1
github.com/pinchtab/pinchtab/internal/authn/request.go:38.2,39.16 2 1
github.com/pinchtab/pinchtab/internal/authn/request.go:39.16,41.3 1 1
github.com/pinchtab/pinchtab/internal/authn/request.go:43.2,44.17 2 1
github.com/pinchtab/pinchtab/internal/authn/request.go:44.17,46.3 1 0
github.com/pinchtab/pinchtab/internal/authn/request.go:47.2,47.58 1 1
github.com/pinchtab/pinchtab/internal/authn/request.go:47.58,49.3 1 1
github.com/pinchtab/pinchtab/internal/authn/request.go:50.2,50.56 1 0
github.com/pinchtab/pinchtab/internal/authn/request.go:55.47,57.2 1 1
github.com/pinchtab/pinchtab/internal/authn/request.go:62.39,63.14 1 1
github.com/pinchtab/pinchtab/internal/authn/request.go:63.14,65.3 1 0
github.com/pinchtab/pinchtab/internal/authn/request.go:66.2,67.30 2 1
github.com/pinchtab/pinchtab/internal/authn/request.go:67.30,69.3 1 1
github.com/pinchtab/pinchtab/internal/authn/request.go:70.2,70.40 1 1
github.com/pinchtab/pinchtab/internal/authn/request.go:73.55,75.16 2 1
github.com/pinchtab/pinchtab/internal/authn/request.go:75.16,77.3 1 1
github.com/pinchtab/pinchtab/internal/authn/request.go:78.2,78.57 1 1
github.com/pinchtab/pinchtab/internal/authn/request.go:78.57,80.3 1 1
github.com/pinchtab/pinchtab/internal/authn/request.go:81.2,81.13 1 0
github.com/pinchtab/pinchtab/internal/authn/session.go:40.59,42.15 2 1
github.com/pinchtab/pinchtab/internal/authn/session.go:42.15,44.3 1 1
github.com/pinchtab/pinchtab/internal/authn/session.go:45.2,46.22 2 1
github.com/pinchtab/pinchtab/internal/authn/session.go:46.22,48.3 1 1
github.com/pinchtab/pinchtab/internal/authn/session.go:49.2,50.26 2 1
github.com/pinchtab/pinchtab/internal/authn/session.go:50.26,52.3 1 1
github.com/pinchtab/pinchtab/internal/authn/session.go:53.2,59.3 1 1
github.com/pinchtab/pinchtab/internal/authn/session.go:62.63,63.14 1 1
github.com/pinchtab/pinchtab/internal/authn/session.go:63.14,65.3 1 0
github.com/pinchtab/pinchtab/internal/authn/session.go:66.2,67.16 2 1
github.com/pinchtab/pinchtab/internal/authn/session.go:67.16,69.3 1 0
github.com/pinchtab/pinchtab/internal/authn/session.go:70.2,78.16 5 1
github.com/pinchtab/pinchtab/internal/authn/session.go:81.65,82.14 1 1
github.com/pinchtab/pinchtab/internal/authn/session.go:82.14,84.3 1 0
github.com/pinchtab/pinchtab/internal/authn/session.go:85.2,86.21 2 1
github.com/pinchtab/pinchtab/internal/authn/session.go:86.21,88.3 1 0
github.com/pinchtab/pinchtab/internal/authn/session.go:90.2,97.9 6 1
github.com/pinchtab/pinchtab/internal/authn/session.go:97.9,99.3 1 0
github.com/pinchtab/pinchtab/internal/authn/session.go:100.2,100.43 1 1
github.com/pinchtab/pinchtab/internal/authn/session.go:100.43,103.3 2 1
github.com/pinchtab/pinchtab/internal/authn/session.go:104.2,106.13 3 1
github.com/pinchtab/pinchtab/internal/authn/session.go:109.64,110.14 1 1
github.com/pinchtab/pinchtab/internal/authn/session.go:110.14,112.3 1 0
github.com/pinchtab/pinchtab/internal/authn/session.go:113.2,114.21 2 1
github.com/pinchtab/pinchtab/internal/authn/session.go:114.21,116.3 1 0
github.com/pinchtab/pinchtab/internal/authn/session.go:118.2,125.9 6 1
github.com/pinchtab/pinchtab/internal/authn/session.go:125.9,127.3 1 0
github.com/pinchtab/pinchtab/internal/authn/session.go:128.2,128.43 1 1
github.com/pinchtab/pinchtab/internal/authn/session.go:128.43,131.3 2 0
github.com/pinchtab/pinchtab/internal/authn/session.go:132.2,135.13 4 1
github.com/pinchtab/pinchtab/internal/authn/session.go:138.67,139.14 1 1
github.com/pinchtab/pinchtab/internal/authn/session.go:139.14,141.3 1 0
github.com/pinchtab/pinchtab/internal/authn/session.go:142.2,143.21 2 1
github.com/pinchtab/pinchtab/internal/authn/session.go:143.21,145.3 1 0
github.com/pinchtab/pinchtab/internal/authn/session.go:147.2,154.9 6 1
github.com/pinchtab/pinchtab/internal/authn/session.go:154.9,156.3 1 0
github.com/pinchtab/pinchtab/internal/authn/session.go:157.2,157.43 1 1
github.com/pinchtab/pinchtab/internal/authn/session.go:157.43,160.3 2 0
github.com/pinchtab/pinchtab/internal/authn/session.go:161.2,161.73 1 1
github.com/pinchtab/pinchtab/internal/authn/session.go:164.51,165.14 1 0
github.com/pinchtab/pinchtab/internal/authn/session.go:165.14,167.3 1 0
github.com/pinchtab/pinchtab/internal/authn/session.go:168.2,169.21 2 0
github.com/pinchtab/pinchtab/internal/authn/session.go:169.21,171.3 1 0
github.com/pinchtab/pinchtab/internal/authn/session.go:172.2,174.15 3 0
github.com/pinchtab/pinchtab/internal/authn/session.go:177.54,178.14 1 0
github.com/pinchtab/pinchtab/internal/authn/session.go:178.14,180.3 1 0
github.com/pinchtab/pinchtab/internal/authn/session.go:181.2,181.22 1 0
github.com/pinchtab/pinchtab/internal/authn/session.go:184.58,185.14 1 0
github.com/pinchtab/pinchtab/internal/authn/session.go:185.14,187.3 1 0
github.com/pinchtab/pinchtab/internal/authn/session.go:188.2,188.26 1 0
github.com/pinchtab/pinchtab/internal/authn/session.go:191.98,195.2 1 1
github.com/pinchtab/pinchtab/internal/authn/session.go:197.40,199.42 2 1
github.com/pinchtab/pinchtab/internal/authn/session.go:199.42,201.3 1 0
github.com/pinchtab/pinchtab/internal/authn/session.go:202.2,202.37 1 1
github.com/pinchtab/pinchtab/internal/authn/session.go:205.39,207.2 1 1
github.com/pinchtab/pinchtab/internal/config/workflow/mutate.go:18.33,20.22 2 0
github.com/pinchtab/pinchtab/internal/config/workflow/mutate.go:20.22,22.3 1 0
github.com/pinchtab/pinchtab/internal/config/workflow/mutate.go:23.2,23.19 1 0
github.com/pinchtab/pinchtab/internal/config/workflow/mutate.go:26.44,28.16 2 0
github.com/pinchtab/pinchtab/internal/config/workflow/mutate.go:28.16,30.3 1 0
github.com/pinchtab/pinchtab/internal/config/workflow/mutate.go:31.2,32.16 2 0
github.com/pinchtab/pinchtab/internal/config/workflow/mutate.go:32.16,34.3 1 0
github.com/pinchtab/pinchtab/internal/config/workflow/mutate.go:35.2,35.19 1 0
github.com/pinchtab/pinchtab/internal/config/workflow/mutate.go:38.67,39.57 1 0
github.com/pinchtab/pinchtab/internal/config/workflow/mutate.go:39.57,41.3 1 0
github.com/pinchtab/pinchtab/internal/config/workflow/mutate.go:44.62,45.57 1 0
github.com/pinchtab/pinchtab/internal/config/workflow/mutate.go:45.57,47.3 1 0
github.com/pinchtab/pinchtab/internal/config/workflow/mutate.go:50.55,51.47 1 0
github.com/pinchtab/pinchtab/internal/config/workflow/mutate.go:51.47,53.3 1 0
github.com/pinchtab/pinchtab/internal/config/workflow/mutate.go:54.2,54.84 1 0
github.com/pinchtab/pinchtab/internal/config/workflow/mutate.go:54.84,56.3 1 0
github.com/pinchtab/pinchtab/internal/config/workflow/mutate.go:57.2,57.12 1 0
github.com/pinchtab/pinchtab/internal/config/workflow/mutate.go:60.53,63.16 3 0
github.com/pinchtab/pinchtab/internal/config/workflow/mutate.go:63.16,65.3 1 0
github.com/pinchtab/pinchtab/internal/config/workflow/mutate.go:67.2,68.49 2 0
github.com/pinchtab/pinchtab/internal/config/workflow/mutate.go:68.49,70.3 1 0
github.com/pinchtab/pinchtab/internal/config/workflow/mutate.go:72.2,72.55 1 0
github.com/pinchtab/pinchtab/internal/config/workflow/mutate.go:75.75,77.16 2 0
github.com/pinchtab/pinchtab/internal/config/workflow/mutate.go:77.16,79.3 1 0
github.com/pinchtab/pinchtab/internal/config/workflow/mutate.go:80.2,80.38 1 0
github.com/pinchtab/pinchtab/internal/config/workflow/mutate.go:80.38,82.3 1 0
github.com/pinchtab/pinchtab/internal/config/workflow/mutate.go:83.2,83.51 1 0
github.com/pinchtab/pinchtab/internal/config/workflow/mutate.go:83.51,85.3 1 0
github.com/pinchtab/pinchtab/internal/config/workflow/mutate.go:86.2,86.33 1 0
github.com/pinchtab/pinchtab/internal/config/workflow/mutate.go:89.43,90.63 1 0
github.com/pinchtab/pinchtab/internal/config/workflow/mutate.go:90.63,92.3 1 0
github.com/pinchtab/pinchtab/internal/config/workflow/mutate.go:94.2,95.55 2 0
github.com/pinchtab/pinchtab/internal/config/workflow/mutate.go:95.55,97.3 1 0
github.com/pinchtab/pinchtab/internal/config/workflow/mutate.go:99.2,99.57 1 0
github.com/pinchtab/pinchtab/internal/config/workflow/mutate.go:99.57,101.3 1 0
github.com/pinchtab/pinchtab/internal/config/workflow/mutate.go:102.2,102.12 1 0
github.com/pinchtab/pinchtab/internal/config/workflow/mutate.go:105.84,107.16 2 0
github.com/pinchtab/pinchtab/internal/config/workflow/mutate.go:107.16,109.3 1 0
github.com/pinchtab/pinchtab/internal/config/workflow/mutate.go:110.2,110.35 1 0
github.com/pinchtab/pinchtab/internal/config/workflow/mutate.go:110.35,112.3 1 0
github.com/pinchtab/pinchtab/internal/config/workflow/mutate.go:113.2,117.8 1 0
github.com/pinchtab/pinchtab/internal/config/workflow/security.go:13.62,15.15 2 0
github.com/pinchtab/pinchtab/internal/config/workflow/security.go:15.15,17.3 1 0
github.com/pinchtab/pinchtab/internal/config/workflow/security.go:18.2,20.35 3 0
github.com/pinchtab/pinchtab/internal/config/workflow/security.go:23.54,25.16 2 0
github.com/pinchtab/pinchtab/internal/config/workflow/security.go:25.16,27.3 1 0
github.com/pinchtab/pinchtab/internal/config/workflow/security.go:28.2,31.38 4 0
github.com/pinchtab/pinchtab/internal/config/workflow/security.go:31.38,33.3 1 0
github.com/pinchtab/pinchtab/internal/config/workflow/security.go:34.2,34.62 1 0
github.com/pinchtab/pinchtab/internal/config/workflow/security.go:34.62,36.3 1 0
github.com/pinchtab/pinchtab/internal/config/workflow/security.go:37.2,37.30 1 0
github.com/pinchtab/pinchtab/internal/config/workflow/security.go:40.82,41.65 1 0
github.com/pinchtab/pinchtab/internal/config/workflow/security.go:41.65,43.46 2 0
github.com/pinchtab/pinchtab/internal/config/workflow/security.go:43.46,45.4 1 0
github.com/pinchtab/pinchtab/internal/config/workflow/security.go:46.3,52.5 1 0
github.com/pinchtab/pinchtab/internal/config/workflow/security.go:52.5,53.97 1 0
github.com/pinchtab/pinchtab/internal/config/workflow/security.go:53.97,55.5 1 0
github.com/pinchtab/pinchtab/internal/config/workflow/security.go:57.3,57.13 1 0
github.com/pinchtab/pinchtab/internal/config/workflow/security.go:59.2,59.16 1 0
github.com/pinchtab/pinchtab/internal/config/workflow/security.go:59.16,61.3 1 0
github.com/pinchtab/pinchtab/internal/config/workflow/security.go:62.2,62.38 1 0
github.com/pinchtab/pinchtab/internal/config/workflow/security.go:62.38,64.3 1 0
github.com/pinchtab/pinchtab/internal/config/workflow/security.go:65.2,65.51 1 0
github.com/pinchtab/pinchtab/internal/config/workflow/security.go:65.51,67.3 1 0
github.com/pinchtab/pinchtab/internal/config/workflow/security.go:68.2,68.33 1 0
github.com/pinchtab/pinchtab/internal/config/workflow/security.go:71.75,72.65 1 0
github.com/pinchtab/pinchtab/internal/config/workflow/security.go:72.65,81.5 3 0
github.com/pinchtab/pinchtab/internal/config/workflow/security.go:81.5,82.94 1 0
github.com/pinchtab/pinchtab/internal/config/workflow/security.go:82.94,84.5 1 0
github.com/pinchtab/pinchtab/internal/config/workflow/security.go:86.3,86.13 1 0
github.com/pinchtab/pinchtab/internal/config/workflow/security.go:88.2,88.16 1 0
github.com/pinchtab/pinchtab/internal/config/workflow/security.go:88.16,90.3 1 0
github.com/pinchtab/pinchtab/internal/config/workflow/security.go:91.2,91.38 1 0
github.com/pinchtab/pinchtab/internal/config/workflow/security.go:91.38,93.3 1 0
github.com/pinchtab/pinchtab/internal/config/workflow/security.go:94.2,94.51 1 0
github.com/pinchtab/pinchtab/internal/config/workflow/security.go:94.51,96.3 1 0
github.com/pinchtab/pinchtab/internal/config/workflow/security.go:97.2,97.33 1 0
github.com/pinchtab/pinchtab/internal/config/workflow/security.go:100.75,102.16 2 1
github.com/pinchtab/pinchtab/internal/config/workflow/security.go:102.16,104.3 1 0
github.com/pinchtab/pinchtab/internal/config/workflow/security.go:105.2,106.16 2 1
github.com/pinchtab/pinchtab/internal/config/workflow/security.go:106.16,108.3 1 0
github.com/pinchtab/pinchtab/internal/config/workflow/security.go:110.2,111.16 2 1
github.com/pinchtab/pinchtab/internal/config/workflow/security.go:111.16,113.3 1 0
github.com/pinchtab/pinchtab/internal/config/workflow/security.go:114.2,114.39 1 1
github.com/pinchtab/pinchtab/internal/config/workflow/security.go:114.39,116.17 2 0
github.com/pinchtab/pinchtab/internal/config/workflow/security.go:116.17,118.4 1 0
github.com/pinchtab/pinchtab/internal/config/workflow/security.go:119.3,119.74 1 0
github.com/pinchtab/pinchtab/internal/config/workflow/security.go:119.74,121.4 1 0
github.com/pinchtab/pinchtab/internal/config/workflow/security.go:124.2,141.4 1 1
github.com/pinchtab/pinchtab/internal/config/workflow/security.go:141.4,142.74 1 1
github.com/pinchtab/pinchtab/internal/config/workflow/security.go:142.74,144.4 1 0
github.com/pinchtab/pinchtab/internal/config/workflow/security.go:147.2,147.58 1 1
github.com/pinchtab/pinchtab/internal/config/workflow/security.go:147.58,149.3 1 0
github.com/pinchtab/pinchtab/internal/config/workflow/security.go:151.2,152.16 2 1
github.com/pinchtab/pinchtab/internal/config/workflow/security.go:152.16,154.3 1 0
github.com/pinchtab/pinchtab/internal/config/workflow/security.go:155.2,156.14 2 1
github.com/pinchtab/pinchtab/internal/config/workflow/security.go:156.14,158.3 1 0
github.com/pinchtab/pinchtab/internal/config/workflow/security.go:160.2,160.62 1 1
github.com/pinchtab/pinchtab/internal/config/workflow/security.go:160.62,162.3 1 0
github.com/pinchtab/pinchtab/internal/config/workflow/security.go:163.2,163.45 1 1
github.com/pinchtab/pinchtab/internal/config/workflow/security.go:166.66,168.16 2 1
github.com/pinchtab/pinchtab/internal/config/workflow/security.go:168.16,170.3 1 0
github.com/pinchtab/pinchtab/internal/config/workflow/security.go:171.2,171.26 1 1
github.com/pinchtab/pinchtab/internal/config/workflow/security.go:174.44,177.29 3 0
github.com/pinchtab/pinchtab/internal/config/workflow/security.go:177.29,179.20 2 0
github.com/pinchtab/pinchtab/internal/config/workflow/security.go:179.20,181.4 1 0
github.com/pinchtab/pinchtab/internal/config/workflow/security.go:183.2,184.30 2 0
github.com/pinchtab/pinchtab/internal/config/workflow/security.go:209.76,210.15 1 0
github.com/pinchtab/pinchtab/internal/config/workflow/security.go:210.15,212.3 1 0
github.com/pinchtab/pinchtab/internal/config/workflow/security.go:213.2,220.38 2 0
github.com/pinchtab/pinchtab/internal/config/workflow/security.go:220.38,222.3 1 0
github.com/pinchtab/pinchtab/internal/config/workflow/security.go:223.2,223.35 1 0
github.com/pinchtab/pinchtab/internal/config/workflow/security.go:223.35,225.3 1 0
github.com/pinchtab/pinchtab/internal/config/workflow/security.go:226.2,226.40 1 0
github.com/pinchtab/pinchtab/internal/config/workflow/security.go:226.40,228.3 1 0
github.com/pinchtab/pinchtab/internal/config/workflow/security.go:229.2,229.38 1 0
github.com/pinchtab/pinchtab/internal/config/workflow/security.go:229.38,231.3 1 0
github.com/pinchtab/pinchtab/internal/config/workflow/security.go:232.2,232.41 1 0
github.com/pinchtab/pinchtab/internal/config/workflow/security.go:232.41,234.3 1 0
github.com/pinchtab/pinchtab/internal/config/workflow/security.go:235.2,235.36 1 0
github.com/pinchtab/pinchtab/internal/config/workflow/security.go:235.36,237.3 1 0
github.com/pinchtab/pinchtab/internal/config/workflow/security.go:238.2,238.46 1 0
github.com/pinchtab/pinchtab/internal/config/workflow/security.go:238.46,240.3 1 0
github.com/pinchtab/pinchtab/internal/config/workflow/security.go:241.2,241.39 1 0
github.com/pinchtab/pinchtab/internal/config/workflow/security.go:241.39,243.3 1 0
github.com/pinchtab/pinchtab/internal/config/workflow/security.go:244.2,244.43 1 0
github.com/pinchtab/pinchtab/internal/config/workflow/security.go:244.43,246.3 1 0
github.com/pinchtab/pinchtab/internal/config/workflow/security.go:247.2,247.44 1 0
github.com/pinchtab/pinchtab/internal/config/workflow/security.go:247.44,249.3 1 0
github.com/pinchtab/pinchtab/internal/config/workflow/security.go:250.2,250.37 1 0
github.com/pinchtab/pinchtab/internal/config/workflow/security.go:250.37,252.3 1 0
github.com/pinchtab/pinchtab/internal/config/workflow/security.go:253.2,253.39 1 0
github.com/pinchtab/pinchtab/internal/config/workflow/security.go:253.39,255.3 1 0
github.com/pinchtab/pinchtab/internal/config/workflow/security.go:256.2,256.10 1 0
github.com/pinchtab/pinchtab/internal/cli/apiclient_exports.go:10.93,12.2 1 1
github.com/pinchtab/pinchtab/internal/cli/apiclient_exports.go:14.96,16.2 1 1
github.com/pinchtab/pinchtab/internal/cli/apiclient_exports.go:18.75,20.2 1 1
github.com/pinchtab/pinchtab/internal/cli/apiclient_exports.go:22.72,24.2 1 1
github.com/pinchtab/pinchtab/internal/cli/report_exports.go:15.79,17.2 1 0
github.com/pinchtab/pinchtab/internal/cli/report_exports.go:19.97,21.2 1 0
github.com/pinchtab/pinchtab/internal/cli/report_exports.go:23.50,25.2 1 0
github.com/pinchtab/pinchtab/internal/cli/report_exports.go:27.31,29.2 1 0
github.com/pinchtab/pinchtab/internal/cli/report_exports.go:31.29,33.2 1 0
github.com/pinchtab/pinchtab/internal/cli/report_exports.go:35.74,37.2 1 0
github.com/pinchtab/pinchtab/internal/cli/report_exports.go:39.71,41.2 1 0
github.com/pinchtab/pinchtab/internal/cli/report_exports.go:43.74,45.2 1 0
github.com/pinchtab/pinchtab/internal/cli/report_exports.go:47.54,49.2 1 0
github.com/pinchtab/pinchtab/internal/cli/report_exports.go:51.53,53.2 1 0
github.com/pinchtab/pinchtab/internal/cli/styles.go:32.62,34.2 1 0
github.com/pinchtab/pinchtab/internal/cli/styles.go:36.62,38.2 1 0
github.com/pinchtab/pinchtab/internal/cli/styles.go:40.61,42.2 1 0
github.com/pinchtab/pinchtab/internal/cli/styles.go:44.61,46.2 1 0
github.com/pinchtab/pinchtab/internal/cli/styles.go:48.40,51.2 2 0
github.com/pinchtab/pinchtab/internal/cli/styles.go:53.38,83.2 3 0
github.com/pinchtab/pinchtab/internal/cli/styles.go:85.76,87.2 1 0
github.com/pinchtab/pinchtab/internal/engine/lite.go:40.34,45.2 1 1
github.com/pinchtab/pinchtab/internal/engine/lite.go:47.36,47.53 1 1
github.com/pinchtab/pinchtab/internal/engine/lite.go:49.50,51.2 1 1
github.com/pinchtab/pinchtab/internal/engine/lite.go:54.89,60.16 4 1
github.com/pinchtab/pinchtab/internal/engine/lite.go:60.16,62.3 1 0
github.com/pinchtab/pinchtab/internal/engine/lite.go:65.2,66.16 2 1
github.com/pinchtab/pinchtab/internal/engine/lite.go:66.16,68.3 1 0
github.com/pinchtab/pinchtab/internal/engine/lite.go:69.2,73.16 4 1
github.com/pinchtab/pinchtab/internal/engine/lite.go:73.16,75.3 1 0
github.com/pinchtab/pinchtab/internal/engine/lite.go:76.2,76.15 1 1
github.com/pinchtab/pinchtab/internal/engine/lite.go:76.15,76.40 1 1
github.com/pinchtab/pinchtab/internal/engine/lite.go:78.2,78.28 1 1
github.com/pinchtab/pinchtab/internal/engine/lite.go:78.28,80.3 1 1
github.com/pinchtab/pinchtab/internal/engine/lite.go:83.2,84.79 2 1
github.com/pinchtab/pinchtab/internal/engine/lite.go:84.79,86.3 1 1
github.com/pinchtab/pinchtab/internal/engine/lite.go:89.2,90.16 2 1
github.com/pinchtab/pinchtab/internal/engine/lite.go:90.16,92.3 1 0
github.com/pinchtab/pinchtab/internal/engine/lite.go:96.2,98.16 3 1
github.com/pinchtab/pinchtab/internal/engine/lite.go:98.16,100.3 1 0
github.com/pinchtab/pinchtab/internal/engine/lite.go:102.2,117.8 6 1
github.com/pinchtab/pinchtab/internal/engine/lite.go:121.96,126.16 4 1
github.com/pinchtab/pinchtab/internal/engine/lite.go:126.16,128.3 1 1
github.com/pinchtab/pinchtab/internal/engine/lite.go:130.2,131.16 2 1
github.com/pinchtab/pinchtab/internal/engine/lite.go:131.16,133.3 1 0
github.com/pinchtab/pinchtab/internal/engine/lite.go:135.2,136.17 2 1
github.com/pinchtab/pinchtab/internal/engine/lite.go:136.17,138.3 1 0
github.com/pinchtab/pinchtab/internal/engine/lite.go:140.2,142.19 3 1
github.com/pinchtab/pinchtab/internal/engine/lite.go:146.76,151.16 4 1
github.com/pinchtab/pinchtab/internal/engine/lite.go:151.16,153.3 1 0
github.com/pinchtab/pinchtab/internal/engine/lite.go:155.2,156.16 2 1
github.com/pinchtab/pinchtab/internal/engine/lite.go:156.16,158.3 1 0
github.com/pinchtab/pinchtab/internal/engine/lite.go:160.2,161.17 2 1
github.com/pinchtab/pinchtab/internal/engine/lite.go:161.17,163.3 1 0
github.com/pinchtab/pinchtab/internal/engine/lite.go:165.2,166.38 2 1
github.com/pinchtab/pinchtab/internal/engine/lite.go:170.83,175.16 4 1
github.com/pinchtab/pinchtab/internal/engine/lite.go:175.16,177.3 1 0
github.com/pinchtab/pinchtab/internal/engine/lite.go:179.2,180.9 2 1
github.com/pinchtab/pinchtab/internal/engine/lite.go:180.9,182.3 1 1
github.com/pinchtab/pinchtab/internal/engine/lite.go:186.2,186.15 1 1
github.com/pinchtab/pinchtab/internal/engine/lite.go:186.15,187.31 1 1
github.com/pinchtab/pinchtab/internal/engine/lite.go:187.31,189.4 1 0
github.com/pinchtab/pinchtab/internal/engine/lite.go:192.2,192.45 1 1
github.com/pinchtab/pinchtab/internal/engine/lite.go:192.45,195.3 2 1
github.com/pinchtab/pinchtab/internal/engine/lite.go:196.2,196.53 1 0
github.com/pinchtab/pinchtab/internal/engine/lite.go:200.77,205.16 4 1
github.com/pinchtab/pinchtab/internal/engine/lite.go:205.16,207.3 1 0
github.com/pinchtab/pinchtab/internal/engine/lite.go:209.2,210.9 2 1
github.com/pinchtab/pinchtab/internal/engine/lite.go:210.9,212.3 1 0
github.com/pinchtab/pinchtab/internal/engine/lite.go:214.2,214.49 1 1
github.com/pinchtab/pinchtab/internal/engine/lite.go:214.49,217.3 2 1
github.com/pinchtab/pinchtab/internal/engine/lite.go:219.2,220.12 2 1
github.com/pinchtab/pinchtab/internal/engine/lite.go:224.36,228.29 3 1
github.com/pinchtab/pinchtab/internal/engine/lite.go:228.29,229.24 1 1
github.com/pinchtab/pinchtab/internal/engine/lite.go:229.24,231.4 1 1
github.com/pinchtab/pinchtab/internal/engine/lite.go:233.2,234.12 2 1
github.com/pinchtab/pinchtab/internal/engine/lite.go:237.65,238.17 1 1
github.com/pinchtab/pinchtab/internal/engine/lite.go:238.17,240.3 1 1
github.com/pinchtab/pinchtab/internal/engine/lite.go:241.2,241.17 1 1
github.com/pinchtab/pinchtab/internal/engine/lite.go:241.17,243.3 1 1
github.com/pinchtab/pinchtab/internal/engine/lite.go:244.2,245.37 2 1
github.com/pinchtab/pinchtab/internal/engine/lite.go:245.37,247.3 1 1
github.com/pinchtab/pinchtab/internal/engine/lite.go:248.2,249.17 2 1
github.com/pinchtab/pinchtab/internal/engine/lite.go:254.100,258.16 3 1
github.com/pinchtab/pinchtab/internal/engine/lite.go:258.16,260.3 1 1
github.com/pinchtab/pinchtab/internal/engine/lite.go:262.2,265.94 2 1
github.com/pinchtab/pinchtab/internal/engine/lite.go:265.94,267.3 1 1
github.com/pinchtab/pinchtab/internal/engine/lite.go:269.2,273.45 4 1
github.com/pinchtab/pinchtab/internal/engine/lite.go:273.45,274.77 1 1
github.com/pinchtab/pinchtab/internal/engine/lite.go:274.77,276.4 1 1
github.com/pinchtab/pinchtab/internal/engine/lite.go:277.3,277.15 1 1
github.com/pinchtab/pinchtab/internal/engine/lite.go:280.2,292.49 4 1
github.com/pinchtab/pinchtab/internal/engine/lite.go:292.49,294.3 1 1
github.com/pinchtab/pinchtab/internal/engine/lite.go:296.2,298.76 2 1
github.com/pinchtab/pinchtab/internal/engine/lite.go:298.76,300.3 1 1
github.com/pinchtab/pinchtab/internal/engine/lite.go:301.2,301.14 1 1
github.com/pinchtab/pinchtab/internal/engine/lite.go:304.55,305.16 1 1
github.com/pinchtab/pinchtab/internal/engine/lite.go:305.16,307.3 1 0
github.com/pinchtab/pinchtab/internal/engine/lite.go:308.2,309.16 2 1
github.com/pinchtab/pinchtab/internal/engine/lite.go:309.16,311.3 1 0
github.com/pinchtab/pinchtab/internal/engine/lite.go:312.2,313.34 2 1
github.com/pinchtab/pinchtab/internal/engine/lite.go:313.34,315.3 1 1
github.com/pinchtab/pinchtab/internal/engine/lite.go:316.2,316.49 1 1
github.com/pinchtab/pinchtab/internal/engine/lite.go:320.37,321.45 1 1
github.com/pinchtab/pinchtab/internal/engine/lite.go:321.45,323.3 1 1
github.com/pinchtab/pinchtab/internal/engine/lite.go:325.2,325.39 1 1
github.com/pinchtab/pinchtab/internal/engine/lite.go:326.11,327.45 1 1
github.com/pinchtab/pinchtab/internal/engine/lite.go:327.45,329.4 1 1
github.com/pinchtab/pinchtab/internal/engine/lite.go:330.16,331.18 1 1
github.com/pinchtab/pinchtab/internal/engine/lite.go:332.15,334.12 2 1
github.com/pinchtab/pinchtab/internal/engine/lite.go:335.27,336.19 1 1
github.com/pinchtab/pinchtab/internal/engine/lite.go:337.19,338.21 1 1
github.com/pinchtab/pinchtab/internal/engine/lite.go:339.16,340.18 1 1
github.com/pinchtab/pinchtab/internal/engine/lite.go:341.11,342.20 1 1
github.com/pinchtab/pinchtab/internal/engine/lite.go:344.18,345.19 1 1
github.com/pinchtab/pinchtab/internal/engine/lite.go:346.16,347.20 1 1
github.com/pinchtab/pinchtab/internal/engine/lite.go:348.13,349.15 1 1
github.com/pinchtab/pinchtab/internal/engine/lite.go:350.13,351.22 1 1
github.com/pinchtab/pinchtab/internal/engine/lite.go:352.14,353.16 1 1
github.com/pinchtab/pinchtab/internal/engine/lite.go:354.16,355.18 1 1
github.com/pinchtab/pinchtab/internal/engine/lite.go:356.16,357.23 1 1
github.com/pinchtab/pinchtab/internal/engine/lite.go:358.15,359.25 1 0
github.com/pinchtab/pinchtab/internal/engine/lite.go:360.14,361.16 1 1
github.com/pinchtab/pinchtab/internal/engine/lite.go:362.42,363.19 1 1
github.com/pinchtab/pinchtab/internal/engine/lite.go:364.18,365.16 1 1
github.com/pinchtab/pinchtab/internal/engine/lite.go:366.12,367.20 1 1
github.com/pinchtab/pinchtab/internal/engine/lite.go:368.15,369.17 1 1
github.com/pinchtab/pinchtab/internal/engine/lite.go:370.12,371.15 1 1
github.com/pinchtab/pinchtab/internal/engine/lite.go:372.12,373.16 1 1
github.com/pinchtab/pinchtab/internal/engine/lite.go:374.12,375.24 1 1
github.com/pinchtab/pinchtab/internal/engine/lite.go:376.17,377.51 1 1
github.com/pinchtab/pinchtab/internal/engine/lite.go:377.51,379.4 1 1
github.com/pinchtab/pinchtab/internal/engine/lite.go:380.3,380.56 1 0
github.com/pinchtab/pinchtab/internal/engine/lite.go:380.56,382.4 1 0
github.com/pinchtab/pinchtab/internal/engine/lite.go:383.17,384.17 1 1
github.com/pinchtab/pinchtab/internal/engine/lite.go:385.17,386.18 1 1
github.com/pinchtab/pinchtab/internal/engine/lite.go:387.16,388.18 1 1
github.com/pinchtab/pinchtab/internal/engine/lite.go:389.17,390.19 1 1
github.com/pinchtab/pinchtab/internal/engine/lite.go:391.26,392.19 1 1
github.com/pinchtab/pinchtab/internal/engine/lite.go:394.2,394.18 1 1
github.com/pinchtab/pinchtab/internal/engine/lite.go:398.47,399.52 1 1
github.com/pinchtab/pinchtab/internal/engine/lite.go:399.52,401.3 1 1
github.com/pinchtab/pinchtab/internal/engine/lite.go:402.2,402.47 1 1
github.com/pinchtab/pinchtab/internal/engine/lite.go:402.47,404.3 1 0
github.com/pinchtab/pinchtab/internal/engine/lite.go:405.2,406.18 2 1
github.com/pinchtab/pinchtab/internal/engine/lite.go:406.18,407.44 1 1
github.com/pinchtab/pinchtab/internal/engine/lite.go:407.44,409.4 1 1
github.com/pinchtab/pinchtab/internal/engine/lite.go:411.2,411.41 1 1
github.com/pinchtab/pinchtab/internal/engine/lite.go:411.41,412.51 1 1
github.com/pinchtab/pinchtab/internal/engine/lite.go:412.51,414.4 1 1
github.com/pinchtab/pinchtab/internal/engine/lite.go:416.2,416.23 1 1
github.com/pinchtab/pinchtab/internal/engine/lite.go:416.23,418.22 2 1
github.com/pinchtab/pinchtab/internal/engine/lite.go:418.22,420.4 1 0
github.com/pinchtab/pinchtab/internal/engine/lite.go:421.3,421.14 1 1
github.com/pinchtab/pinchtab/internal/engine/lite.go:423.2,423.11 1 1
github.com/pinchtab/pinchtab/internal/engine/lite.go:427.41,428.39 1 1
github.com/pinchtab/pinchtab/internal/engine/lite.go:429.11,431.13 2 1
github.com/pinchtab/pinchtab/internal/engine/lite.go:432.58,433.14 1 1
github.com/pinchtab/pinchtab/internal/engine/lite.go:435.2,435.45 1 1
github.com/pinchtab/pinchtab/internal/engine/lite.go:435.45,437.3 1 0
github.com/pinchtab/pinchtab/internal/engine/lite.go:438.2,438.63 1 1
github.com/pinchtab/pinchtab/internal/engine/lite.go:438.63,440.3 1 1
github.com/pinchtab/pinchtab/internal/engine/lite.go:441.2,441.45 1 1
github.com/pinchtab/pinchtab/internal/engine/lite.go:441.45,442.15 1 1
github.com/pinchtab/pinchtab/internal/engine/lite.go:443.75,444.15 1 0
github.com/pinchtab/pinchtab/internal/engine/lite.go:447.2,447.14 1 1
github.com/pinchtab/pinchtab/internal/engine/lite.go:452.51,456.6 4 1
github.com/pinchtab/pinchtab/internal/engine/lite.go:456.6,458.13 2 1
github.com/pinchtab/pinchtab/internal/engine/lite.go:459.27,460.25 1 1
github.com/pinchtab/pinchtab/internal/engine/lite.go:460.25,462.5 1 1
github.com/pinchtab/pinchtab/internal/engine/lite.go:463.4,463.23 1 0
github.com/pinchtab/pinchtab/internal/engine/lite.go:464.30,466.30 2 1
github.com/pinchtab/pinchtab/internal/engine/lite.go:466.30,468.13 2 1
github.com/pinchtab/pinchtab/internal/engine/lite.go:470.4,470.22 1 1
github.com/pinchtab/pinchtab/internal/engine/lite.go:471.28,473.30 2 1
github.com/pinchtab/pinchtab/internal/engine/lite.go:473.30,475.13 2 1
github.com/pinchtab/pinchtab/internal/engine/lite.go:477.4,477.22 1 1
github.com/pinchtab/pinchtab/internal/engine/lite.go:478.11,479.17 1 1
github.com/pinchtab/pinchtab/internal/engine/lite.go:479.17,481.5 1 1
github.com/pinchtab/pinchtab/internal/engine/lite.go:488.43,492.22 4 1
github.com/pinchtab/pinchtab/internal/engine/lite.go:492.22,493.54 1 1
github.com/pinchtab/pinchtab/internal/engine/lite.go:493.54,494.13 1 1
github.com/pinchtab/pinchtab/internal/engine/lite.go:494.13,497.5 2 1
github.com/pinchtab/pinchtab/internal/engine/lite.go:498.4,498.12 1 1
github.com/pinchtab/pinchtab/internal/engine/lite.go:500.3,501.15 2 1
github.com/pinchtab/pinchtab/internal/engine/lite.go:503.2,503.38 1 1
github.com/pinchtab/pinchtab/internal/engine/router.go:23.48,29.14 2 1
github.com/pinchtab/pinchtab/internal/engine/router.go:30.16,34.4 1 1
github.com/pinchtab/pinchtab/internal/engine/router.go:35.16,40.4 1 1
github.com/pinchtab/pinchtab/internal/engine/router.go:41.10,44.4 1 1
github.com/pinchtab/pinchtab/internal/engine/router.go:47.2,47.10 1 1
github.com/pinchtab/pinchtab/internal/engine/router.go:52.42,57.22 3 1
github.com/pinchtab/pinchtab/internal/engine/router.go:57.22,61.3 3 1
github.com/pinchtab/pinchtab/internal/engine/router.go:61.8,63.3 1 0
github.com/pinchtab/pinchtab/internal/engine/router.go:64.2,64.77 1 1
github.com/pinchtab/pinchtab/internal/engine/router.go:68.47,71.31 3 1
github.com/pinchtab/pinchtab/internal/engine/router.go:71.31,72.26 1 1
github.com/pinchtab/pinchtab/internal/engine/router.go:72.26,75.4 2 1
github.com/pinchtab/pinchtab/internal/engine/router.go:77.2,77.14 1 0
github.com/pinchtab/pinchtab/internal/engine/router.go:81.58,85.31 3 1
github.com/pinchtab/pinchtab/internal/engine/router.go:85.31,86.31 1 1
github.com/pinchtab/pinchtab/internal/engine/router.go:87.16,88.21 1 1
github.com/pinchtab/pinchtab/internal/engine/router.go:88.21,90.5 1 1
github.com/pinchtab/pinchtab/internal/engine/router.go:92.18,93.14 1 1
github.com/pinchtab/pinchtab/internal/engine/router.go:96.2,96.12 1 0
github.com/pinchtab/pinchtab/internal/engine/router.go:101.58,103.2 1 1
github.com/pinchtab/pinchtab/internal/engine/router.go:106.32,108.2 1 0
github.com/pinchtab/pinchtab/internal/engine/router.go:111.30,113.2 1 0
github.com/pinchtab/pinchtab/internal/engine/router.go:116.35,120.31 4 1
github.com/pinchtab/pinchtab/internal/engine/router.go:120.31,122.3 1 1
github.com/pinchtab/pinchtab/internal/engine/router.go:123.2,123.14 1 1
github.com/pinchtab/pinchtab/internal/engine/rules.go:18.37,18.60 1 1
github.com/pinchtab/pinchtab/internal/engine/rules.go:20.64,21.12 1 1
github.com/pinchtab/pinchtab/internal/engine/rules.go:22.54,23.19 1 1
github.com/pinchtab/pinchtab/internal/engine/rules.go:25.2,25.18 1 1
github.com/pinchtab/pinchtab/internal/engine/rules.go:32.38,32.63 1 1
github.com/pinchtab/pinchtab/internal/engine/rules.go:34.67,35.61 1 1
github.com/pinchtab/pinchtab/internal/engine/rules.go:35.61,37.3 1 1
github.com/pinchtab/pinchtab/internal/engine/rules.go:40.2,40.71 1 1
github.com/pinchtab/pinchtab/internal/engine/rules.go:40.71,41.60 1 1
github.com/pinchtab/pinchtab/internal/engine/rules.go:41.60,43.4 1 1
github.com/pinchtab/pinchtab/internal/engine/rules.go:45.2,45.18 1 1
github.com/pinchtab/pinchtab/internal/engine/rules.go:52.38,52.63 1 1
github.com/pinchtab/pinchtab/internal/engine/rules.go:54.65,55.12 1 1
github.com/pinchtab/pinchtab/internal/engine/rules.go:56.60,57.17 1 1
github.com/pinchtab/pinchtab/internal/engine/rules.go:59.2,59.18 1 1
github.com/pinchtab/pinchtab/internal/engine/rules.go:66.40,66.67 1 1
github.com/pinchtab/pinchtab/internal/engine/rules.go:68.66,70.2 1 1
github.com/pinchtab/pinchtab/internal/cli/actions/actions_activity.go:13.76,15.2 1 0
github.com/pinchtab/pinchtab/internal/cli/actions/actions_activity.go:18.86,20.2 1 0
github.com/pinchtab/pinchtab/internal/cli/actions/actions_activity.go:22.66,24.17 2 1
github.com/pinchtab/pinchtab/internal/cli/actions/actions_activity.go:24.17,26.3 1 1
github.com/pinchtab/pinchtab/internal/cli/actions/actions_activity.go:27.2,27.56 1 1
github.com/pinchtab/pinchtab/internal/cli/actions/actions_activity.go:27.56,29.3 1 1
github.com/pinchtab/pinchtab/internal/cli/actions/actions_activity.go:30.2,30.60 1 1
github.com/pinchtab/pinchtab/internal/cli/actions/actions_activity.go:30.60,32.3 1 1
github.com/pinchtab/pinchtab/internal/cli/actions/actions_activity.go:33.2,33.15 1 1
github.com/pinchtab/pinchtab/internal/cli/actions/actions_console.go:17.75,18.45 1 0
github.com/pinchtab/pinchtab/internal/cli/actions/actions_console.go:18.45,21.3 2 0
github.com/pinchtab/pinchtab/internal/cli/actions/actions_console.go:23.2,24.51 2 0
github.com/pinchtab/pinchtab/internal/cli/actions/actions_console.go:24.51,26.3 1 0
github.com/pinchtab/pinchtab/internal/cli/actions/actions_console.go:27.2,27.53 1 0
github.com/pinchtab/pinchtab/internal/cli/actions/actions_console.go:27.53,29.3 1 0
github.com/pinchtab/pinchtab/internal/cli/actions/actions_console.go:31.2,32.19 2 0
github.com/pinchtab/pinchtab/internal/cli/actions/actions_console.go:32.19,35.3 2 0
github.com/pinchtab/pinchtab/internal/cli/actions/actions_console.go:37.2,37.26 1 0
github.com/pinchtab/pinchtab/internal/cli/actions/actions_console.go:41.80,43.51 2 0
github.com/pinchtab/pinchtab/internal/cli/actions/actions_console.go:43.51,45.3 1 0
github.com/pinchtab/pinchtab/internal/cli/actions/actions_console.go:46.2,47.19 2 0
github.com/pinchtab/pinchtab/internal/cli/actions/actions_console.go:47.19,49.3 1 0
github.com/pinchtab/pinchtab/internal/cli/actions/actions_console.go:53.74,54.45 1 0
github.com/pinchtab/pinchtab/internal/cli/actions/actions_console.go:54.45,57.3 2 0
github.com/pinchtab/pinchtab/internal/cli/actions/actions_console.go:59.2,60.51 2 0
github.com/pinchtab/pinchtab/internal/cli/actions/actions_console.go:60.51,62.3 1 0
github.com/pinchtab/pinchtab/internal/cli/actions/actions_console.go:63.2,63.53 1 0
github.com/pinchtab/pinchtab/internal/cli/actions/actions_console.go:63.53,65.3 1 0
github.com/pinchtab/pinchtab/internal/cli/actions/actions_console.go:67.2,68.19 2 0
github.com/pinchtab/pinchtab/internal/cli/actions/actions_console.go:68.19,71.3 2 0
github.com/pinchtab/pinchtab/internal/cli/actions/actions_console.go:73.2,73.24 1 0
github.com/pinchtab/pinchtab/internal/cli/actions/actions_console.go:77.79,79.51 2 0
github.com/pinchtab/pinchtab/internal/cli/actions/actions_console.go:79.51,81.3 1 0
github.com/pinchtab/pinchtab/internal/cli/actions/actions_console.go:82.2,83.19 2 0
github.com/pinchtab/pinchtab/internal/cli/actions/actions_console.go:83.19,85.3 1 0
github.com/pinchtab/pinchtab/internal/cli/actions/actions_console.go:88.36,97.52 2 1
github.com/pinchtab/pinchtab/internal/cli/actions/actions_console.go:97.52,100.3 2 0
github.com/pinchtab/pinchtab/internal/cli/actions/actions_console.go:102.2,102.28 1 1
github.com/pinchtab/pinchtab/internal/cli/actions/actions_console.go:102.28,105.3 2 0
github.com/pinchtab/pinchtab/internal/cli/actions/actions_console.go:107.2,107.37 1 1
github.com/pinchtab/pinchtab/internal/cli/actions/actions_console.go:107.37,111.3 3 1
github.com/pinchtab/pinchtab/internal/cli/actions/actions_console.go:114.34,125.52 2 1
github.com/pinchtab/pinchtab/internal/cli/actions/actions_console.go:125.52,128.3 2 0
github.com/pinchtab/pinchtab/internal/cli/actions/actions_console.go:130.2,130.27 1 1
github.com/pinchtab/pinchtab/internal/cli/actions/actions_console.go:130.27,133.3 2 0
github.com/pinchtab/pinchtab/internal/cli/actions/actions_console.go:135.2,135.36 1 1
github.com/pinchtab/pinchtab/internal/cli/actions/actions_console.go:135.36,138.22 3 1
github.com/pinchtab/pinchtab/internal/cli/actions/actions_console.go:138.22,140.4 1 1
github.com/pinchtab/pinchtab/internal/cli/actions/actions_console.go:144.44,147.22 3 1
github.com/pinchtab/pinchtab/internal/cli/actions/actions_console.go:147.22,148.12 1 1
github.com/pinchtab/pinchtab/internal/cli/actions/actions_console.go:149.13,150.23 1 1
github.com/pinchtab/pinchtab/internal/cli/actions/actions_console.go:151.13,152.23 1 1
github.com/pinchtab/pinchtab/internal/cli/actions/actions_console.go:153.13,154.23 1 1
github.com/pinchtab/pinchtab/internal/cli/actions/actions_console.go:155.11,156.32 1 1
github.com/pinchtab/pinchtab/internal/cli/actions/actions_console.go:156.32,157.13 1 1
github.com/pinchtab/pinchtab/internal/cli/actions/actions_console.go:159.4,159.18 1 1
github.com/pinchtab/pinchtab/internal/cli/actions/actions_console.go:162.2,162.19 1 1
github.com/pinchtab/pinchtab/internal/cli/actions/actions_console.go:165.41,167.2 1 1
github.com/pinchtab/pinchtab/internal/cli/actions/actions_dialog.go:11.96,13.16 2 0
github.com/pinchtab/pinchtab/internal/cli/actions/actions_dialog.go:13.16,15.3 1 0
github.com/pinchtab/pinchtab/internal/cli/actions/actions_dialog.go:16.2,17.17 2 0
github.com/pinchtab/pinchtab/internal/cli/actions/actions_dialog.go:17.17,19.3 1 0
github.com/pinchtab/pinchtab/internal/cli/actions/actions_dialog.go:20.2,20.51 1 0
github.com/pinchtab/pinchtab/internal/cli/actions/actions_download.go:14.86,15.19 1 0
github.com/pinchtab/pinchtab/internal/cli/actions/actions_download.go:15.19,17.3 1 0
github.com/pinchtab/pinchtab/internal/cli/actions/actions_download.go:19.2,27.18 5 0
github.com/pinchtab/pinchtab/internal/cli/actions/actions_download.go:27.18,29.16 2 0
github.com/pinchtab/pinchtab/internal/cli/actions/actions_download.go:29.16,31.4 1 0
github.com/pinchtab/pinchtab/internal/cli/actions/actions_download.go:32.3,33.17 2 0
github.com/pinchtab/pinchtab/internal/cli/actions/actions_download.go:33.17,35.4 1 0
github.com/pinchtab/pinchtab/internal/cli/actions/actions_download.go:36.3,36.58 1 0
github.com/pinchtab/pinchtab/internal/cli/actions/actions_download.go:36.58,38.4 1 0
github.com/pinchtab/pinchtab/internal/cli/actions/actions_download.go:39.3,39.104 1 0
github.com/pinchtab/pinchtab/internal/cli/actions/actions_element.go:14.93,23.11 8 1
github.com/pinchtab/pinchtab/internal/cli/actions/actions_element.go:23.11,27.3 3 0
github.com/pinchtab/pinchtab/internal/cli/actions/actions_element.go:29.2,29.15 1 1
github.com/pinchtab/pinchtab/internal/cli/actions/actions_element.go:29.15,32.3 1 1
github.com/pinchtab/pinchtab/internal/cli/actions/actions_element.go:32.8,32.30 1 1
github.com/pinchtab/pinchtab/internal/cli/actions/actions_element.go:32.30,35.3 1 1
github.com/pinchtab/pinchtab/internal/cli/actions/actions_element.go:35.8,35.19 1 0
github.com/pinchtab/pinchtab/internal/cli/actions/actions_element.go:35.19,37.3 1 0
github.com/pinchtab/pinchtab/internal/cli/actions/actions_element.go:39.2,39.21 1 1
github.com/pinchtab/pinchtab/internal/cli/actions/actions_element.go:39.21,40.49 1 1
github.com/pinchtab/pinchtab/internal/cli/actions/actions_element.go:40.49,42.4 1 1
github.com/pinchtab/pinchtab/internal/cli/actions/actions_element.go:45.2,47.17 3 1
github.com/pinchtab/pinchtab/internal/cli/actions/actions_element.go:47.17,49.3 1 0
github.com/pinchtab/pinchtab/internal/cli/actions/actions_element.go:50.2,50.51 1 1
github.com/pinchtab/pinchtab/internal/cli/actions/actions_element.go:56.53,58.18 2 1
github.com/pinchtab/pinchtab/internal/cli/actions/actions_element.go:59.24,60.26 1 1
github.com/pinchtab/pinchtab/internal/cli/actions/actions_element.go:61.10,62.31 1 1
github.com/pinchtab/pinchtab/internal/cli/actions/actions_element.go:66.101,69.14 2 1
github.com/pinchtab/pinchtab/internal/cli/actions/actions_element.go:70.14,73.45 2 1
github.com/pinchtab/pinchtab/internal/cli/actions/actions_element.go:74.14,77.45 2 1
github.com/pinchtab/pinchtab/internal/cli/actions/actions_element.go:78.15,79.24 1 1
github.com/pinchtab/pinchtab/internal/cli/actions/actions_element.go:80.16,82.35 2 1
github.com/pinchtab/pinchtab/internal/cli/actions/actions_element.go:82.35,84.4 1 1
github.com/pinchtab/pinchtab/internal/cli/actions/actions_element.go:84.9,84.58 1 1
github.com/pinchtab/pinchtab/internal/cli/actions/actions_element.go:84.58,86.4 1 1
github.com/pinchtab/pinchtab/internal/cli/actions/actions_element.go:86.9,87.36 1 1
github.com/pinchtab/pinchtab/internal/cli/actions/actions_element.go:88.16,89.26 1 1
github.com/pinchtab/pinchtab/internal/cli/actions/actions_element.go:90.14,91.27 1 0
github.com/pinchtab/pinchtab/internal/cli/actions/actions_element.go:92.17,93.26 1 0
github.com/pinchtab/pinchtab/internal/cli/actions/actions_element.go:94.16,95.27 1 0
github.com/pinchtab/pinchtab/internal/cli/actions/actions_element.go:96.12,97.93 1 0
github.com/pinchtab/pinchtab/internal/cli/actions/actions_element.go:100.16,102.26 2 1
github.com/pinchtab/pinchtab/internal/cli/actions/actions_element.go:103.23,104.41 1 1
github.com/pinchtab/pinchtab/internal/cli/actions/actions_element.go:105.29,106.41 1 1
github.com/pinchtab/pinchtab/internal/cli/actions/actions_element.go:107.17,108.24 1 1
github.com/pinchtab/pinchtab/internal/cli/actions/actions_element.go:109.15,110.24 1 1
github.com/pinchtab/pinchtab/internal/cli/actions/actions_element.go:113.2,115.17 3 1
github.com/pinchtab/pinchtab/internal/cli/actions/actions_element.go:115.17,117.3 1 1
github.com/pinchtab/pinchtab/internal/cli/actions/actions_element.go:118.2,118.51 1 1
github.com/pinchtab/pinchtab/internal/cli/actions/actions_evaluate.go:11.91,15.17 4 1
github.com/pinchtab/pinchtab/internal/cli/actions/actions_evaluate.go:15.17,17.3 1 0
github.com/pinchtab/pinchtab/internal/cli/actions/actions_evaluate.go:18.2,18.51 1 1
github.com/pinchtab/pinchtab/internal/cli/actions/actions_find.go:12.86,19.21 6 0
github.com/pinchtab/pinchtab/internal/cli/actions/actions_find.go:19.21,21.3 1 0
github.com/pinchtab/pinchtab/internal/cli/actions/actions_find.go:22.2,22.13 1 0
github.com/pinchtab/pinchtab/internal/cli/actions/actions_find.go:22.13,24.3 1 0
github.com/pinchtab/pinchtab/internal/cli/actions/actions_find.go:26.2,27.17 2 0
github.com/pinchtab/pinchtab/internal/cli/actions/actions_find.go:27.17,29.3 1 0
github.com/pinchtab/pinchtab/internal/cli/actions/actions_find.go:31.2,33.13 2 0
github.com/pinchtab/pinchtab/internal/cli/actions/actions_find.go:33.13,34.62 1 0
github.com/pinchtab/pinchtab/internal/cli/actions/actions_find.go:34.62,37.4 2 0
github.com/pinchtab/pinchtab/internal/cli/actions/actions_find.go:38.3,38.32 1 0
github.com/pinchtab/pinchtab/internal/cli/actions/actions_instance.go:11.81,13.55 2 0
github.com/pinchtab/pinchtab/internal/cli/actions/actions_instance.go:13.55,15.3 1 0
github.com/pinchtab/pinchtab/internal/cli/actions/actions_instance.go:16.2,16.52 1 0
github.com/pinchtab/pinchtab/internal/cli/actions/actions_instance.go:16.52,18.3 1 0
github.com/pinchtab/pinchtab/internal/cli/actions/actions_instance.go:19.2,19.52 1 0
github.com/pinchtab/pinchtab/internal/cli/actions/actions_instance.go:19.52,21.3 1 0
github.com/pinchtab/pinchtab/internal/cli/actions/actions_instance.go:22.2,22.71 1 0
github.com/pinchtab/pinchtab/internal/cli/actions/actions_instance.go:22.71,24.3 1 0
github.com/pinchtab/pinchtab/internal/cli/actions/actions_instance.go:25.2,25.65 1 0
github.com/pinchtab/pinchtab/internal/cli/actions/actions_instance.go:28.79,29.19 1 0
github.com/pinchtab/pinchtab/internal/cli/actions/actions_instance.go:29.19,31.3 1 0
github.com/pinchtab/pinchtab/internal/cli/actions/actions_instance.go:33.2,40.17 5 0
github.com/pinchtab/pinchtab/internal/cli/actions/actions_instance.go:40.17,42.3 1 0
github.com/pinchtab/pinchtab/internal/cli/actions/actions_instance.go:44.2,46.4 1 0
github.com/pinchtab/pinchtab/internal/cli/actions/actions_instance.go:49.75,53.2 3 0
github.com/pinchtab/pinchtab/internal/cli/actions/actions_instance.go:55.75,58.2 2 0
github.com/pinchtab/pinchtab/internal/cli/actions/actions_navigate.go:11.72,14.17 3 0
github.com/pinchtab/pinchtab/internal/cli/actions/actions_navigate.go:14.17,16.3 1 0
github.com/pinchtab/pinchtab/internal/cli/actions/actions_navigate.go:17.2,17.50 1 0
github.com/pinchtab/pinchtab/internal/cli/actions/actions_navigate.go:21.75,24.17 3 0
github.com/pinchtab/pinchtab/internal/cli/actions/actions_navigate.go:24.17,26.3 1 0
github.com/pinchtab/pinchtab/internal/cli/actions/actions_navigate.go:27.2,27.50 1 0
github.com/pinchtab/pinchtab/internal/cli/actions/actions_navigate.go:31.74,34.17 3 0
github.com/pinchtab/pinchtab/internal/cli/actions/actions_navigate.go:34.17,36.3 1 0
github.com/pinchtab/pinchtab/internal/cli/actions/actions_navigate.go:37.2,37.50 1 0
github.com/pinchtab/pinchtab/internal/cli/actions/actions_navigate.go:40.88,42.47 2 1
github.com/pinchtab/pinchtab/internal/cli/actions/actions_navigate.go:42.47,44.3 1 1
github.com/pinchtab/pinchtab/internal/cli/actions/actions_navigate.go:45.2,45.52 1 1
github.com/pinchtab/pinchtab/internal/cli/actions/actions_navigate.go:45.52,47.3 1 1
github.com/pinchtab/pinchtab/internal/cli/actions/actions_navigate.go:48.2,48.49 1 1
github.com/pinchtab/pinchtab/internal/cli/actions/actions_navigate.go:48.49,50.3 1 1
github.com/pinchtab/pinchtab/internal/cli/actions/actions_navigate.go:51.2,53.17 3 1
github.com/pinchtab/pinchtab/internal/cli/actions/actions_navigate.go:53.17,55.3 1 0
github.com/pinchtab/pinchtab/internal/cli/actions/actions_navigate.go:56.2,57.49 2 1
github.com/pinchtab/pinchtab/internal/cli/actions/actions_network.go:16.90,18.19 1 0
github.com/pinchtab/pinchtab/internal/cli/actions/actions_network.go:18.19,21.3 2 0
github.com/pinchtab/pinchtab/internal/cli/actions/actions_network.go:24.2,24.45 1 0
github.com/pinchtab/pinchtab/internal/cli/actions/actions_network.go:24.45,27.3 2 0
github.com/pinchtab/pinchtab/internal/cli/actions/actions_network.go:30.2,30.46 1 0
github.com/pinchtab/pinchtab/internal/cli/actions/actions_network.go:30.46,33.3 2 0
github.com/pinchtab/pinchtab/internal/cli/actions/actions_network.go:35.2,36.51 2 0
github.com/pinchtab/pinchtab/internal/cli/actions/actions_network.go:36.51,38.3 1 0
github.com/pinchtab/pinchtab/internal/cli/actions/actions_network.go:39.2,39.54 1 0
github.com/pinchtab/pinchtab/internal/cli/actions/actions_network.go:39.54,41.3 1 0
github.com/pinchtab/pinchtab/internal/cli/actions/actions_network.go:42.2,42.54 1 0
github.com/pinchtab/pinchtab/internal/cli/actions/actions_network.go:42.54,44.3 1 0
github.com/pinchtab/pinchtab/internal/cli/actions/actions_network.go:45.2,45.54 1 0
github.com/pinchtab/pinchtab/internal/cli/actions/actions_network.go:45.54,47.3 1 0
github.com/pinchtab/pinchtab/internal/cli/actions/actions_network.go:48.2,48.52 1 0
github.com/pinchtab/pinchtab/internal/cli/actions/actions_network.go:48.52,50.3 1 0
github.com/pinchtab/pinchtab/internal/cli/actions/actions_network.go:51.2,51.53 1 0
github.com/pinchtab/pinchtab/internal/cli/actions/actions_network.go:51.53,53.3 1 0
github.com/pinchtab/pinchtab/internal/cli/actions/actions_network.go:54.2,54.59 1 0
github.com/pinchtab/pinchtab/internal/cli/actions/actions_network.go:54.59,56.3 1 0
github.com/pinchtab/pinchtab/internal/cli/actions/actions_network.go:57.2,57.58 1 0
github.com/pinchtab/pinchtab/internal/cli/actions/actions_network.go:61.99,63.51 2 0
github.com/pinchtab/pinchtab/internal/cli/actions/actions_network.go:63.51,65.3 1 0
github.com/pinchtab/pinchtab/internal/cli/actions/actions_network.go:66.2,66.44 1 0
github.com/pinchtab/pinchtab/internal/cli/actions/actions_network.go:66.44,68.3 1 0
github.com/pinchtab/pinchtab/internal/cli/actions/actions_network.go:69.2,70.52 2 0
github.com/pinchtab/pinchtab/internal/cli/actions/actions_network.go:74.80,76.51 2 0
github.com/pinchtab/pinchtab/internal/cli/actions/actions_network.go:76.51,78.3 1 0
github.com/pinchtab/pinchtab/internal/cli/actions/actions_network.go:79.2,80.19 2 0
github.com/pinchtab/pinchtab/internal/cli/actions/actions_network.go:80.19,82.3 1 0
github.com/pinchtab/pinchtab/internal/cli/actions/actions_network.go:86.81,88.51 2 0
github.com/pinchtab/pinchtab/internal/cli/actions/actions_network.go:88.51,90.3 1 0
github.com/pinchtab/pinchtab/internal/cli/actions/actions_network.go:91.2,91.54 1 0
github.com/pinchtab/pinchtab/internal/cli/actions/actions_network.go:91.54,93.3 1 0
github.com/pinchtab/pinchtab/internal/cli/actions/actions_network.go:94.2,94.54 1 0
github.com/pinchtab/pinchtab/internal/cli/actions/actions_network.go:94.54,96.3 1 0
github.com/pinchtab/pinchtab/internal/cli/actions/actions_network.go:97.2,97.54 1 0
github.com/pinchtab/pinchtab/internal/cli/actions/actions_network.go:97.54,99.3 1 0
github.com/pinchtab/pinchtab/internal/cli/actions/actions_network.go:100.2,100.52 1 0
github.com/pinchtab/pinchtab/internal/cli/actions/actions_network.go:100.52,102.3 1 0
github.com/pinchtab/pinchtab/internal/cli/actions/actions_network.go:103.2,103.59 1 0
github.com/pinchtab/pinchtab/internal/cli/actions/actions_network.go:103.59,105.3 1 0
github.com/pinchtab/pinchtab/internal/cli/actions/actions_network.go:107.2,108.21 2 0
github.com/pinchtab/pinchtab/internal/cli/actions/actions_network.go:108.21,110.3 1 0
github.com/pinchtab/pinchtab/internal/cli/actions/actions_network.go:112.2,113.16 2 0
github.com/pinchtab/pinchtab/internal/cli/actions/actions_network.go:113.16,116.3 2 0
github.com/pinchtab/pinchtab/internal/cli/actions/actions_network.go:117.2,117.17 1 0
github.com/pinchtab/pinchtab/internal/cli/actions/actions_network.go:117.17,119.3 1 0
github.com/pinchtab/pinchtab/internal/cli/actions/actions_network.go:120.2,125.16 4 0
github.com/pinchtab/pinchtab/internal/cli/actions/actions_network.go:125.16,128.3 2 0
github.com/pinchtab/pinchtab/internal/cli/actions/actions_network.go:129.2,131.28 2 0
github.com/pinchtab/pinchtab/internal/cli/actions/actions_network.go:131.28,134.3 2 0
github.com/pinchtab/pinchtab/internal/cli/actions/actions_network.go:136.2,137.21 2 0
github.com/pinchtab/pinchtab/internal/cli/actions/actions_network.go:137.21,139.40 2 0
github.com/pinchtab/pinchtab/internal/cli/actions/actions_network.go:139.40,141.4 1 0
github.com/pinchtab/pinchtab/internal/cli/actions/actions_network.go:143.2,143.38 1 0
github.com/pinchtab/pinchtab/internal/cli/actions/actions_network.go:143.38,146.3 2 0
github.com/pinchtab/pinchtab/internal/cli/actions/actions_pdf.go:15.71,22.49 5 1
github.com/pinchtab/pinchtab/internal/cli/actions/actions_pdf.go:22.49,24.3 1 1
github.com/pinchtab/pinchtab/internal/cli/actions/actions_pdf.go:25.2,25.53 1 1
github.com/pinchtab/pinchtab/internal/cli/actions/actions_pdf.go:25.53,27.3 1 1
github.com/pinchtab/pinchtab/internal/cli/actions/actions_pdf.go:28.2,28.59 1 1
github.com/pinchtab/pinchtab/internal/cli/actions/actions_pdf.go:28.59,30.3 1 1
github.com/pinchtab/pinchtab/internal/cli/actions/actions_pdf.go:31.2,31.60 1 1
github.com/pinchtab/pinchtab/internal/cli/actions/actions_pdf.go:31.60,33.3 1 1
github.com/pinchtab/pinchtab/internal/cli/actions/actions_pdf.go:34.2,34.58 1 1
github.com/pinchtab/pinchtab/internal/cli/actions/actions_pdf.go:34.58,36.3 1 1
github.com/pinchtab/pinchtab/internal/cli/actions/actions_pdf.go:37.2,37.61 1 1
github.com/pinchtab/pinchtab/internal/cli/actions/actions_pdf.go:37.61,39.3 1 1
github.com/pinchtab/pinchtab/internal/cli/actions/actions_pdf.go:40.2,40.59 1 1
github.com/pinchtab/pinchtab/internal/cli/actions/actions_pdf.go:40.59,42.3 1 1
github.com/pinchtab/pinchtab/internal/cli/actions/actions_pdf.go:43.2,43.60 1 1
github.com/pinchtab/pinchtab/internal/cli/actions/actions_pdf.go:43.60,45.3 1 1
github.com/pinchtab/pinchtab/internal/cli/actions/actions_pdf.go:46.2,46.59 1 1
github.com/pinchtab/pinchtab/internal/cli/actions/actions_pdf.go:46.59,48.3 1 1
github.com/pinchtab/pinchtab/internal/cli/actions/actions_pdf.go:49.2,49.60 1 1
github.com/pinchtab/pinchtab/internal/cli/actions/actions_pdf.go:49.60,51.3 1 1
github.com/pinchtab/pinchtab/internal/cli/actions/actions_pdf.go:52.2,52.61 1 1
github.com/pinchtab/pinchtab/internal/cli/actions/actions_pdf.go:52.61,54.3 1 1
github.com/pinchtab/pinchtab/internal/cli/actions/actions_pdf.go:55.2,55.63 1 1
github.com/pinchtab/pinchtab/internal/cli/actions/actions_pdf.go:55.63,57.3 1 1
github.com/pinchtab/pinchtab/internal/cli/actions/actions_pdf.go:58.2,58.63 1 1
github.com/pinchtab/pinchtab/internal/cli/actions/actions_pdf.go:58.63,60.3 1 1
github.com/pinchtab/pinchtab/internal/cli/actions/actions_pdf.go:61.2,61.59 1 1
github.com/pinchtab/pinchtab/internal/cli/actions/actions_pdf.go:61.59,63.3 1 1
github.com/pinchtab/pinchtab/internal/cli/actions/actions_pdf.go:64.2,64.65 1 1
github.com/pinchtab/pinchtab/internal/cli/actions/actions_pdf.go:64.65,66.3 1 1
github.com/pinchtab/pinchtab/internal/cli/actions/actions_pdf.go:67.2,67.51 1 1
github.com/pinchtab/pinchtab/internal/cli/actions/actions_pdf.go:67.51,70.3 2 0
github.com/pinchtab/pinchtab/internal/cli/actions/actions_pdf.go:71.2,71.52 1 1
github.com/pinchtab/pinchtab/internal/cli/actions/actions_pdf.go:71.52,73.3 1 0
github.com/pinchtab/pinchtab/internal/cli/actions/actions_pdf.go:75.2,75.19 1 1
github.com/pinchtab/pinchtab/internal/cli/actions/actions_pdf.go:75.19,77.3 1 0
github.com/pinchtab/pinchtab/internal/cli/actions/actions_pdf.go:79.2,80.17 2 1
github.com/pinchtab/pinchtab/internal/cli/actions/actions_pdf.go:80.17,82.3 1 1
github.com/pinchtab/pinchtab/internal/cli/actions/actions_pdf.go:82.8,84.3 1 0
github.com/pinchtab/pinchtab/internal/cli/actions/actions_pdf.go:85.2,85.17 1 1
github.com/pinchtab/pinchtab/internal/cli/actions/actions_pdf.go:85.17,87.3 1 0
github.com/pinchtab/pinchtab/internal/cli/actions/actions_pdf.go:88.2,88.58 1 1
github.com/pinchtab/pinchtab/internal/cli/actions/actions_pdf.go:88.58,90.3 1 0
github.com/pinchtab/pinchtab/internal/cli/actions/actions_pdf.go:91.2,91.104 1 1
github.com/pinchtab/pinchtab/internal/cli/actions/actions_quick.go:12.68,13.19 1 0
github.com/pinchtab/pinchtab/internal/cli/actions/actions_quick.go:13.19,15.3 1 0
github.com/pinchtab/pinchtab/internal/cli/actions/actions_quick.go:17.2,36.50 11 0
github.com/pinchtab/pinchtab/internal/cli/actions/actions_quick.go:36.50,39.3 2 0
github.com/pinchtab/pinchtab/internal/cli/actions/actions_quick.go:40.2,40.49 1 0
github.com/pinchtab/pinchtab/internal/cli/actions/actions_quick.go:40.49,42.3 1 0
github.com/pinchtab/pinchtab/internal/cli/actions/actions_quick.go:44.2,49.155 6 0
github.com/pinchtab/pinchtab/internal/cli/actions/actions_screenshot.go:14.78,19.55 4 1
github.com/pinchtab/pinchtab/internal/cli/actions/actions_screenshot.go:19.55,21.3 1 1
github.com/pinchtab/pinchtab/internal/cli/actions/actions_screenshot.go:22.2,22.51 1 1
github.com/pinchtab/pinchtab/internal/cli/actions/actions_screenshot.go:22.51,24.3 1 0
github.com/pinchtab/pinchtab/internal/cli/actions/actions_screenshot.go:26.2,26.19 1 1
github.com/pinchtab/pinchtab/internal/cli/actions/actions_screenshot.go:26.19,28.3 1 0
github.com/pinchtab/pinchtab/internal/cli/actions/actions_screenshot.go:30.2,31.17 2 1
github.com/pinchtab/pinchtab/internal/cli/actions/actions_screenshot.go:31.17,33.3 1 0
github.com/pinchtab/pinchtab/internal/cli/actions/actions_screenshot.go:34.2,34.58 1 1
github.com/pinchtab/pinchtab/internal/cli/actions/actions_screenshot.go:34.58,36.3 1 0
github.com/pinchtab/pinchtab/internal/cli/actions/actions_screenshot.go:37.2,37.104 1 1
github.com/pinchtab/pinchtab/internal/cli/actions/actions_snapshot.go:10.76,12.51 2 1
github.com/pinchtab/pinchtab/internal/cli/actions/actions_snapshot.go:12.51,14.3 1 1
github.com/pinchtab/pinchtab/internal/cli/actions/actions_snapshot.go:15.2,15.47 1 1
github.com/pinchtab/pinchtab/internal/cli/actions/actions_snapshot.go:15.47,17.3 1 1
github.com/pinchtab/pinchtab/internal/cli/actions/actions_snapshot.go:18.2,18.44 1 1
github.com/pinchtab/pinchtab/internal/cli/actions/actions_snapshot.go:18.44,20.3 1 0
github.com/pinchtab/pinchtab/internal/cli/actions/actions_snapshot.go:21.2,21.44 1 1
github.com/pinchtab/pinchtab/internal/cli/actions/actions_snapshot.go:21.44,23.3 1 1
github.com/pinchtab/pinchtab/internal/cli/actions/actions_snapshot.go:24.2,24.56 1 1
github.com/pinchtab/pinchtab/internal/cli/actions/actions_snapshot.go:24.56,26.3 1 1
github.com/pinchtab/pinchtab/internal/cli/actions/actions_snapshot.go:27.2,27.58 1 1
github.com/pinchtab/pinchtab/internal/cli/actions/actions_snapshot.go:27.58,29.3 1 1
github.com/pinchtab/pinchtab/internal/cli/actions/actions_snapshot.go:30.2,30.53 1 1
github.com/pinchtab/pinchtab/internal/cli/actions/actions_snapshot.go:30.53,32.3 1 1
github.com/pinchtab/pinchtab/internal/cli/actions/actions_snapshot.go:33.2,33.51 1 1
github.com/pinchtab/pinchtab/internal/cli/actions/actions_snapshot.go:33.51,35.3 1 1
github.com/pinchtab/pinchtab/internal/cli/actions/actions_snapshot.go:36.2,37.49 2 1
github.com/pinchtab/pinchtab/internal/cli/actions/actions_system.go:13.54,15.2 1 1
github.com/pinchtab/pinchtab/internal/cli/actions/actions_system.go:17.57,22.57 3 0
github.com/pinchtab/pinchtab/internal/cli/actions/actions_system.go:22.57,26.57 2 0
github.com/pinchtab/pinchtab/internal/cli/actions/actions_system.go:26.57,29.4 2 0
github.com/pinchtab/pinchtab/internal/cli/actions/actions_system.go:30.3,30.33 1 0
github.com/pinchtab/pinchtab/internal/cli/actions/actions_system.go:34.2,35.33 2 0
github.com/pinchtab/pinchtab/internal/cli/actions/actions_system.go:35.33,42.16 6 0
github.com/pinchtab/pinchtab/internal/cli/actions/actions_system.go:42.16,44.4 1 0
github.com/pinchtab/pinchtab/internal/cli/actions/actions_system.go:46.3,51.4 1 0
github.com/pinchtab/pinchtab/internal/cli/actions/actions_system.go:55.2,56.27 2 0
github.com/pinchtab/pinchtab/internal/cli/actions/actions_system.go:61.56,65.81 2 0
github.com/pinchtab/pinchtab/internal/cli/actions/actions_system.go:65.81,67.33 2 0
github.com/pinchtab/pinchtab/internal/cli/actions/actions_system.go:67.33,68.42 1 0
github.com/pinchtab/pinchtab/internal/cli/actions/actions_system.go:68.42,72.5 2 0
github.com/pinchtab/pinchtab/internal/cli/actions/actions_system.go:74.3,74.16 1 0
github.com/pinchtab/pinchtab/internal/cli/actions/actions_system.go:75.8,77.3 1 0
github.com/pinchtab/pinchtab/internal/cli/actions/actions_system.go:83.77,85.16 2 0
github.com/pinchtab/pinchtab/internal/cli/actions/actions_system.go:85.16,87.3 1 0
github.com/pinchtab/pinchtab/internal/cli/actions/actions_system.go:88.2,88.17 1 0
github.com/pinchtab/pinchtab/internal/cli/actions/actions_system.go:88.17,90.3 1 0
github.com/pinchtab/pinchtab/internal/cli/actions/actions_system.go:92.2,93.44 2 0
github.com/pinchtab/pinchtab/internal/cli/actions/actions_system.go:93.44,95.3 1 0
github.com/pinchtab/pinchtab/internal/cli/actions/actions_system.go:96.2,96.15 1 0
github.com/pinchtab/pinchtab/internal/cli/actions/actions_system.go:96.15,96.42 1 0
github.com/pinchtab/pinchtab/internal/cli/actions/actions_system.go:98.2,99.67 2 0
github.com/pinchtab/pinchtab/internal/cli/actions/actions_system.go:99.67,101.3 1 0
github.com/pinchtab/pinchtab/internal/cli/actions/actions_system.go:103.2,103.60 1 0
github.com/pinchtab/pinchtab/internal/cli/actions/actions_system.go:103.60,105.34 2 0
github.com/pinchtab/pinchtab/internal/cli/actions/actions_system.go:105.34,106.42 1 0
github.com/pinchtab/pinchtab/internal/cli/actions/actions_system.go:106.42,108.5 1 0
github.com/pinchtab/pinchtab/internal/cli/actions/actions_system.go:110.3,110.19 1 0
github.com/pinchtab/pinchtab/internal/cli/actions/actions_system.go:112.2,112.12 1 0
github.com/pinchtab/pinchtab/internal/cli/actions/actions_system.go:116.78,119.2 2 0
github.com/pinchtab/pinchtab/internal/cli/actions/actions_tabs.go:13.55,15.2 1 0
github.com/pinchtab/pinchtab/internal/cli/actions/actions_tabs.go:18.75,21.25 2 0
github.com/pinchtab/pinchtab/internal/cli/actions/actions_tabs.go:21.25,25.3 3 0
github.com/pinchtab/pinchtab/internal/cli/actions/actions_tabs.go:26.2,26.53 1 0
github.com/pinchtab/pinchtab/internal/cli/actions/actions_tabs.go:30.70,35.2 1 0
github.com/pinchtab/pinchtab/internal/cli/actions/actions_tabs.go:39.70,44.2 1 0
github.com/pinchtab/pinchtab/internal/cli/actions/actions_text.go:10.72,12.43 2 1
github.com/pinchtab/pinchtab/internal/cli/actions/actions_text.go:12.43,15.3 2 1
github.com/pinchtab/pinchtab/internal/cli/actions/actions_text.go:16.2,16.51 1 1
github.com/pinchtab/pinchtab/internal/cli/actions/actions_text.go:16.51,18.3 1 1
github.com/pinchtab/pinchtab/internal/cli/actions/actions_text.go:19.2,19.55 1 1
github.com/pinchtab/pinchtab/internal/cli/actions/actions_upload.go:12.86,13.19 1 0
github.com/pinchtab/pinchtab/internal/cli/actions/actions_upload.go:13.19,15.3 1 0
github.com/pinchtab/pinchtab/internal/cli/actions/actions_upload.go:17.2,18.28 2 0
github.com/pinchtab/pinchtab/internal/cli/actions/actions_upload.go:18.28,20.17 2 0
github.com/pinchtab/pinchtab/internal/cli/actions/actions_upload.go:20.17,22.4 1 0
github.com/pinchtab/pinchtab/internal/cli/actions/actions_upload.go:23.3,23.65 1 0
github.com/pinchtab/pinchtab/internal/cli/actions/actions_upload.go:26.2,29.20 2 0
github.com/pinchtab/pinchtab/internal/cli/actions/actions_upload.go:29.20,31.3 1 0
github.com/pinchtab/pinchtab/internal/cli/actions/actions_upload.go:33.2,33.56 1 0
github.com/pinchtab/pinchtab/internal/cli/actions/actions_wait.go:13.87,24.9 9 0
github.com/pinchtab/pinchtab/internal/cli/actions/actions_wait.go:25.22,26.26 1 0
github.com/pinchtab/pinchtab/internal/cli/actions/actions_wait.go:27.21,28.24 1 0
github.com/pinchtab/pinchtab/internal/cli/actions/actions_wait.go:29.22,30.26 1 0
github.com/pinchtab/pinchtab/internal/cli/actions/actions_wait.go:31.20,32.22 1 0
github.com/pinchtab/pinchtab/internal/cli/actions/actions_wait.go:33.21,35.51 1 0
github.com/pinchtab/pinchtab/internal/cli/actions/actions_wait.go:35.51,37.4 1 0
github.com/pinchtab/pinchtab/internal/cli/actions/actions_wait.go:37.9,39.23 2 0
github.com/pinchtab/pinchtab/internal/cli/actions/actions_wait.go:39.23,41.5 1 0
github.com/pinchtab/pinchtab/internal/cli/actions/actions_wait.go:43.10,45.9 2 0
github.com/pinchtab/pinchtab/internal/cli/actions/actions_wait.go:48.2,48.21 1 0
github.com/pinchtab/pinchtab/internal/cli/actions/actions_wait.go:48.21,50.3 1 0
github.com/pinchtab/pinchtab/internal/cli/actions/actions_wait.go:52.2,53.17 2 0
github.com/pinchtab/pinchtab/internal/cli/actions/actions_wait.go:53.17,55.3 1 0
github.com/pinchtab/pinchtab/internal/cli/actions/actions_wait.go:57.2,57.51 1 0
github.com/pinchtab/pinchtab/internal/activity/activity.go:93.65,94.18 1 1
github.com/pinchtab/pinchtab/internal/activity/activity.go:94.18,96.3 1 1
github.com/pinchtab/pinchtab/internal/activity/activity.go:97.2,97.26 1 0
github.com/pinchtab/pinchtab/internal/activity/activity.go:97.26,99.3 1 0
github.com/pinchtab/pinchtab/internal/activity/activity.go:100.2,100.63 1 0
github.com/pinchtab/pinchtab/internal/activity/activity.go:103.94,105.55 2 1
github.com/pinchtab/pinchtab/internal/activity/activity.go:105.55,107.3 1 0
github.com/pinchtab/pinchtab/internal/activity/activity.go:108.2,108.22 1 1
github.com/pinchtab/pinchtab/internal/activity/activity.go:108.22,110.3 1 0
github.com/pinchtab/pinchtab/internal/activity/activity.go:111.2,111.24 1 1
github.com/pinchtab/pinchtab/internal/activity/activity.go:111.24,113.3 1 1
github.com/pinchtab/pinchtab/internal/activity/activity.go:115.2,121.66 2 1
github.com/pinchtab/pinchtab/internal/activity/activity.go:121.66,123.3 1 0
github.com/pinchtab/pinchtab/internal/activity/activity.go:124.2,124.19 1 1
github.com/pinchtab/pinchtab/internal/activity/activity.go:127.32,129.2 1 0
github.com/pinchtab/pinchtab/internal/activity/activity.go:131.41,132.14 1 1
github.com/pinchtab/pinchtab/internal/activity/activity.go:132.14,134.3 1 0
github.com/pinchtab/pinchtab/internal/activity/activity.go:136.2,139.28 3 1
github.com/pinchtab/pinchtab/internal/activity/activity.go:139.28,141.3 1 0
github.com/pinchtab/pinchtab/internal/activity/activity.go:141.8,143.3 1 1
github.com/pinchtab/pinchtab/internal/activity/activity.go:144.2,145.25 2 1
github.com/pinchtab/pinchtab/internal/activity/activity.go:145.25,147.3 1 1
github.com/pinchtab/pinchtab/internal/activity/activity.go:149.2,149.65 1 1
github.com/pinchtab/pinchtab/internal/activity/activity.go:149.65,151.3 1 0
github.com/pinchtab/pinchtab/internal/activity/activity.go:153.2,154.16 2 1
github.com/pinchtab/pinchtab/internal/activity/activity.go:154.16,156.3 1 0
github.com/pinchtab/pinchtab/internal/activity/activity.go:157.2,157.15 1 1
github.com/pinchtab/pinchtab/internal/activity/activity.go:157.15,157.32 1 1
github.com/pinchtab/pinchtab/internal/activity/activity.go:159.2,160.16 2 1
github.com/pinchtab/pinchtab/internal/activity/activity.go:160.16,162.3 1 0
github.com/pinchtab/pinchtab/internal/activity/activity.go:163.2,163.55 1 1
github.com/pinchtab/pinchtab/internal/activity/activity.go:163.55,165.3 1 0
github.com/pinchtab/pinchtab/internal/activity/activity.go:166.2,166.12 1 1
github.com/pinchtab/pinchtab/internal/activity/activity.go:169.55,170.14 1 1
github.com/pinchtab/pinchtab/internal/activity/activity.go:170.14,172.3 1 0
github.com/pinchtab/pinchtab/internal/activity/activity.go:174.2,177.38 3 1
github.com/pinchtab/pinchtab/internal/activity/activity.go:177.38,179.17 2 1
github.com/pinchtab/pinchtab/internal/activity/activity.go:179.17,180.26 1 0
github.com/pinchtab/pinchtab/internal/activity/activity.go:180.26,181.13 1 0
github.com/pinchtab/pinchtab/internal/activity/activity.go:183.4,183.56 1 0
github.com/pinchtab/pinchtab/internal/activity/activity.go:186.3,188.22 3 1
github.com/pinchtab/pinchtab/internal/activity/activity.go:188.22,190.64 2 1
github.com/pinchtab/pinchtab/internal/activity/activity.go:190.64,191.13 1 0
github.com/pinchtab/pinchtab/internal/activity/activity.go:193.4,193.28 1 1
github.com/pinchtab/pinchtab/internal/activity/activity.go:193.28,194.13 1 1
github.com/pinchtab/pinchtab/internal/activity/activity.go:196.4,196.27 1 1
github.com/pinchtab/pinchtab/internal/activity/activity.go:196.27,198.13 2 1
github.com/pinchtab/pinchtab/internal/activity/activity.go:200.4,201.31 2 0
github.com/pinchtab/pinchtab/internal/activity/activity.go:203.3,204.39 2 1
github.com/pinchtab/pinchtab/internal/activity/activity.go:204.39,206.4 1 0
github.com/pinchtab/pinchtab/internal/activity/activity.go:207.3,207.22 1 1
github.com/pinchtab/pinchtab/internal/activity/activity.go:207.22,209.4 1 0
github.com/pinchtab/pinchtab/internal/activity/activity.go:211.2,211.20 1 1
github.com/pinchtab/pinchtab/internal/activity/activity.go:214.37,215.16 1 1
github.com/pinchtab/pinchtab/internal/activity/activity.go:215.16,217.3 1 1
github.com/pinchtab/pinchtab/internal/activity/activity.go:218.2,218.27 1 1
github.com/pinchtab/pinchtab/internal/activity/activity.go:218.27,220.3 1 1
github.com/pinchtab/pinchtab/internal/activity/activity.go:221.2,221.14 1 1
github.com/pinchtab/pinchtab/internal/activity/activity.go:224.36,226.2 1 1
github.com/pinchtab/pinchtab/internal/activity/activity.go:228.41,230.2 1 0
github.com/pinchtab/pinchtab/internal/activity/activity.go:232.52,234.2 1 0
github.com/pinchtab/pinchtab/internal/activity/activity.go:236.41,237.46 1 1
github.com/pinchtab/pinchtab/internal/activity/activity.go:237.46,239.3 1 0
github.com/pinchtab/pinchtab/internal/activity/activity.go:240.2,240.55 1 1
github.com/pinchtab/pinchtab/internal/activity/activity.go:240.55,242.3 1 0
github.com/pinchtab/pinchtab/internal/activity/activity.go:243.2,243.55 1 1
github.com/pinchtab/pinchtab/internal/activity/activity.go:243.55,245.3 1 0
github.com/pinchtab/pinchtab/internal/activity/activity.go:246.2,246.49 1 1
github.com/pinchtab/pinchtab/internal/activity/activity.go:246.49,248.3 1 0
github.com/pinchtab/pinchtab/internal/activity/activity.go:249.2,249.49 1 1
github.com/pinchtab/pinchtab/internal/activity/activity.go:249.49,251.3 1 0
github.com/pinchtab/pinchtab/internal/activity/activity.go:252.2,252.58 1 1
github.com/pinchtab/pinchtab/internal/activity/activity.go:252.58,254.3 1 0
github.com/pinchtab/pinchtab/internal/activity/activity.go:255.2,255.55 1 1
github.com/pinchtab/pinchtab/internal/activity/activity.go:255.55,257.3 1 0
github.com/pinchtab/pinchtab/internal/activity/activity.go:258.2,258.61 1 1
github.com/pinchtab/pinchtab/internal/activity/activity.go:258.61,260.3 1 0
github.com/pinchtab/pinchtab/internal/activity/activity.go:261.2,261.43 1 1
github.com/pinchtab/pinchtab/internal/activity/activity.go:261.43,263.3 1 1
github.com/pinchtab/pinchtab/internal/activity/activity.go:264.2,264.46 1 1
github.com/pinchtab/pinchtab/internal/activity/activity.go:264.46,266.3 1 0
github.com/pinchtab/pinchtab/internal/activity/activity.go:267.2,267.46 1 1
github.com/pinchtab/pinchtab/internal/activity/activity.go:267.46,269.3 1 0
github.com/pinchtab/pinchtab/internal/activity/activity.go:270.2,270.70 1 1
github.com/pinchtab/pinchtab/internal/activity/activity.go:270.70,272.3 1 0
github.com/pinchtab/pinchtab/internal/activity/activity.go:273.2,273.56 1 1
github.com/pinchtab/pinchtab/internal/activity/activity.go:273.56,275.3 1 0
github.com/pinchtab/pinchtab/internal/activity/activity.go:276.2,276.55 1 1
github.com/pinchtab/pinchtab/internal/activity/activity.go:276.55,278.3 1 0
github.com/pinchtab/pinchtab/internal/activity/activity.go:279.2,279.13 1 1
github.com/pinchtab/pinchtab/internal/activity/activity.go:282.51,284.15 2 1
github.com/pinchtab/pinchtab/internal/activity/activity.go:284.15,286.3 1 1
github.com/pinchtab/pinchtab/internal/activity/activity.go:287.2,287.34 1 1
github.com/pinchtab/pinchtab/internal/activity/activity.go:287.34,289.3 1 1
github.com/pinchtab/pinchtab/internal/activity/activity.go:291.2,293.56 3 1
github.com/pinchtab/pinchtab/internal/activity/activity.go:293.56,297.3 3 0
github.com/pinchtab/pinchtab/internal/activity/activity.go:299.2,304.18 3 1
github.com/pinchtab/pinchtab/internal/activity/activity.go:307.44,309.17 2 1
github.com/pinchtab/pinchtab/internal/activity/activity.go:309.17,311.3 1 1
github.com/pinchtab/pinchtab/internal/activity/activity.go:312.2,313.45 2 0
github.com/pinchtab/pinchtab/internal/activity/activity.go:316.50,318.2 1 1
github.com/pinchtab/pinchtab/internal/activity/activity.go:320.39,324.16 3 1
github.com/pinchtab/pinchtab/internal/activity/activity.go:324.16,326.3 1 0
github.com/pinchtab/pinchtab/internal/activity/activity.go:328.2,330.47 3 1
github.com/pinchtab/pinchtab/internal/activity/activity.go:330.47,332.3 1 0
github.com/pinchtab/pinchtab/internal/activity/activity.go:334.2,334.32 1 1
github.com/pinchtab/pinchtab/internal/activity/activity.go:334.32,335.20 1 1
github.com/pinchtab/pinchtab/internal/activity/activity.go:335.20,336.12 1 0
github.com/pinchtab/pinchtab/internal/activity/activity.go:338.3,339.80 2 1
github.com/pinchtab/pinchtab/internal/activity/activity.go:339.80,340.12 1 0
github.com/pinchtab/pinchtab/internal/activity/activity.go:342.3,342.52 1 1
github.com/pinchtab/pinchtab/internal/activity/activity.go:345.2,346.14 2 1
github.com/pinchtab/pinchtab/internal/activity/activity.go:349.56,353.2 3 1
github.com/pinchtab/pinchtab/internal/activity/activity.go:355.62,356.26 1 1
github.com/pinchtab/pinchtab/internal/activity/activity.go:356.26,358.3 1 0
github.com/pinchtab/pinchtab/internal/activity/activity.go:360.2,361.16 2 1
github.com/pinchtab/pinchtab/internal/activity/activity.go:361.16,363.3 1 0
github.com/pinchtab/pinchtab/internal/activity/activity.go:365.2,366.32 2 1
github.com/pinchtab/pinchtab/internal/activity/activity.go:366.32,367.20 1 1
github.com/pinchtab/pinchtab/internal/activity/activity.go:367.20,368.12 1 0
github.com/pinchtab/pinchtab/internal/activity/activity.go:370.3,371.29 2 1
github.com/pinchtab/pinchtab/internal/activity/activity.go:371.29,373.75 2 0
github.com/pinchtab/pinchtab/internal/activity/activity.go:373.75,374.88 1 0
github.com/pinchtab/pinchtab/internal/activity/activity.go:374.88,376.6 1 0
github.com/pinchtab/pinchtab/internal/activity/activity.go:378.4,378.12 1 0
github.com/pinchtab/pinchtab/internal/activity/activity.go:380.3,380.80 1 1
github.com/pinchtab/pinchtab/internal/activity/activity.go:380.80,381.12 1 0
github.com/pinchtab/pinchtab/internal/activity/activity.go:383.3,384.37 2 1
github.com/pinchtab/pinchtab/internal/activity/activity.go:384.37,385.12 1 0
github.com/pinchtab/pinchtab/internal/activity/activity.go:387.3,387.21 1 1
github.com/pinchtab/pinchtab/internal/activity/activity.go:387.21,388.87 1 1
github.com/pinchtab/pinchtab/internal/activity/activity.go:388.87,390.5 1 0
github.com/pinchtab/pinchtab/internal/activity/activity.go:394.2,394.12 1 1
github.com/pinchtab/pinchtab/internal/activity/activity.go:397.37,399.40 2 1
github.com/pinchtab/pinchtab/internal/activity/activity.go:399.40,401.3 1 0
github.com/pinchtab/pinchtab/internal/activity/activity.go:402.2,402.39 1 1
github.com/pinchtab/pinchtab/internal/activity/api.go:13.57,14.48 1 0
github.com/pinchtab/pinchtab/internal/activity/api.go:14.48,16.3 1 0
github.com/pinchtab/pinchtab/internal/activity/api.go:18.2,18.83 1 0
github.com/pinchtab/pinchtab/internal/activity/api.go:18.83,20.17 2 0
github.com/pinchtab/pinchtab/internal/activity/api.go:20.17,23.4 2 0
github.com/pinchtab/pinchtab/internal/activity/api.go:25.3,26.17 2 0
github.com/pinchtab/pinchtab/internal/activity/api.go:26.17,29.4 2 0
github.com/pinchtab/pinchtab/internal/activity/api.go:31.3,35.32 2 0
github.com/pinchtab/pinchtab/internal/activity/api.go:35.32,57.4 1 0
github.com/pinchtab/pinchtab/internal/activity/api.go:59.3,59.37 1 0
github.com/pinchtab/pinchtab/internal/activity/api.go:63.57,80.61 3 1
github.com/pinchtab/pinchtab/internal/activity/api.go:80.61,82.27 2 1
github.com/pinchtab/pinchtab/internal/activity/api.go:82.27,84.4 1 1
github.com/pinchtab/pinchtab/internal/activity/api.go:85.3,85.36 1 1
github.com/pinchtab/pinchtab/internal/activity/api.go:87.2,87.64 1 1
github.com/pinchtab/pinchtab/internal/activity/api.go:87.64,89.26 2 0
github.com/pinchtab/pinchtab/internal/activity/api.go:89.26,91.4 1 0
github.com/pinchtab/pinchtab/internal/activity/api.go:92.3,92.71 1 0
github.com/pinchtab/pinchtab/internal/activity/api.go:94.2,94.61 1 1
github.com/pinchtab/pinchtab/internal/activity/api.go:94.61,96.17 2 0
github.com/pinchtab/pinchtab/internal/activity/api.go:96.17,98.4 1 0
github.com/pinchtab/pinchtab/internal/activity/api.go:99.3,99.25 1 0
github.com/pinchtab/pinchtab/internal/activity/api.go:101.2,101.61 1 1
github.com/pinchtab/pinchtab/internal/activity/api.go:101.61,103.17 2 0
github.com/pinchtab/pinchtab/internal/activity/api.go:103.17,105.4 1 0
github.com/pinchtab/pinchtab/internal/activity/api.go:106.3,106.25 1 0
github.com/pinchtab/pinchtab/internal/activity/api.go:108.2,108.20 1 1
github.com/pinchtab/pinchtab/internal/activity/api.go:113.38,115.2 1 0
github.com/pinchtab/pinchtab/internal/activity/api.go:117.41,119.2 1 1
github.com/pinchtab/pinchtab/internal/activity/context.go:48.78,49.34 1 1
github.com/pinchtab/pinchtab/internal/activity/context.go:49.34,51.3 1 0
github.com/pinchtab/pinchtab/internal/activity/context.go:53.2,53.71 1 1
github.com/pinchtab/pinchtab/internal/activity/context.go:53.71,83.26 8 1
github.com/pinchtab/pinchtab/internal/activity/context.go:83.26,85.4 1 1
github.com/pinchtab/pinchtab/internal/activity/context.go:86.3,86.24 1 1
github.com/pinchtab/pinchtab/internal/activity/context.go:86.24,88.4 1 1
github.com/pinchtab/pinchtab/internal/activity/context.go:89.3,89.24 1 1
github.com/pinchtab/pinchtab/internal/activity/context.go:89.24,91.4 1 1
github.com/pinchtab/pinchtab/internal/activity/context.go:92.3,92.21 1 1
github.com/pinchtab/pinchtab/internal/activity/context.go:92.21,94.4 1 0
github.com/pinchtab/pinchtab/internal/activity/context.go:95.3,95.23 1 1
github.com/pinchtab/pinchtab/internal/activity/context.go:95.23,97.4 1 0
github.com/pinchtab/pinchtab/internal/activity/context.go:98.3,98.22 1 1
[...]
github.com/pinchtab/pinchtab/internal/bridge/observe/snapshot_format.go:19.3,19.20 1 0
github.com/pinchtab/pinchtab/internal/bridge/observe/snapshot_format.go:19.20,23.4 3 0
github.com/pinchtab/pinchtab/internal/bridge/observe/snapshot_format.go:24.3,24.16 1 0
github.com/pinchtab/pinchtab/internal/bridge/observe/snapshot_format.go:24.16,26.4 1 0
github.com/pinchtab/pinchtab/internal/bridge/observe/snapshot_format.go:27.3,27.17 1 0
github.com/pinchtab/pinchtab/internal/bridge/observe/snapshot_format.go:27.17,29.4 1 0
github.com/pinchtab/pinchtab/internal/bridge/observe/snapshot_format.go:30.3,30.20 1 0
github.com/pinchtab/pinchtab/internal/bridge/observe/snapshot_format.go:32.2,32.19 1 0
github.com/pinchtab/pinchtab/internal/bridge/observe/snapshot_format.go:35.53,37.26 2 0
github.com/pinchtab/pinchtab/internal/bridge/observe/snapshot_format.go:37.26,41.19 4 0
github.com/pinchtab/pinchtab/internal/bridge/observe/snapshot_format.go:41.19,45.4 3 0
github.com/pinchtab/pinchtab/internal/bridge/observe/snapshot_format.go:46.3,46.20 1 0
github.com/pinchtab/pinchtab/internal/bridge/observe/snapshot_format.go:46.20,50.4 3 0
github.com/pinchtab/pinchtab/internal/bridge/observe/snapshot_format.go:51.3,51.16 1 0
github.com/pinchtab/pinchtab/internal/bridge/observe/snapshot_format.go:51.16,53.4 1 0
github.com/pinchtab/pinchtab/internal/bridge/observe/snapshot_format.go:54.3,54.17 1 0
github.com/pinchtab/pinchtab/internal/bridge/observe/snapshot_format.go:54.17,56.4 1 0
github.com/pinchtab/pinchtab/internal/bridge/observe/snapshot_format.go:57.3,57.20 1 0
github.com/pinchtab/pinchtab/internal/bridge/observe/snapshot_format.go:59.2,59.19 1 0
github.com/pinchtab/pinchtab/internal/bridge/observe/snapshot_format.go:62.90,64.26 2 0
github.com/pinchtab/pinchtab/internal/bridge/observe/snapshot_format.go:64.26,66.17 2 0
github.com/pinchtab/pinchtab/internal/bridge/observe/snapshot_format.go:67.18,69.25 2 0
github.com/pinchtab/pinchtab/internal/bridge/observe/snapshot_format.go:70.15,72.25 2 0
github.com/pinchtab/pinchtab/internal/bridge/observe/snapshot_format.go:73.11,75.25 2 0
github.com/pinchtab/pinchtab/internal/bridge/observe/snapshot_format.go:77.3,77.21 1 0
github.com/pinchtab/pinchtab/internal/bridge/observe/snapshot_format.go:77.21,79.4 1 0
github.com/pinchtab/pinchtab/internal/bridge/observe/snapshot_format.go:80.3,81.29 2 0
github.com/pinchtab/pinchtab/internal/bridge/observe/snapshot_format.go:81.29,83.4 1 0
github.com/pinchtab/pinchtab/internal/bridge/observe/snapshot_format.go:85.2,85.21 1 0
github.com/pinchtab/pinchtab/internal/cli/termstyle/style.go:17.23,19.2 1 0
github.com/pinchtab/pinchtab/internal/cli/termstyle/style.go:21.46,24.2 2 0
github.com/pinchtab/pinchtab/internal/cli/termstyle/style.go:26.41,29.2 2 0
github.com/pinchtab/pinchtab/internal/cli/termstyle/style.go:31.43,32.36 1 0
github.com/pinchtab/pinchtab/internal/cli/termstyle/style.go:32.36,34.3 1 0
github.com/pinchtab/pinchtab/internal/cli/termstyle/style.go:35.2,36.12 2 0
github.com/pinchtab/pinchtab/internal/cli/termstyle/style.go:36.12,38.3 1 0
github.com/pinchtab/pinchtab/internal/cli/termstyle/style.go:39.2,39.60 1 0
github.com/pinchtab/pinchtab/internal/cli/termstyle/style.go:39.60,41.3 1 0
github.com/pinchtab/pinchtab/internal/cli/termstyle/style.go:42.2,42.21 1 0
github.com/pinchtab/pinchtab/internal/cli/termstyle/style.go:42.21,44.3 1 0
github.com/pinchtab/pinchtab/internal/cli/termstyle/style.go:45.2,45.68 1 0
github.com/pinchtab/pinchtab/internal/cli/termstyle/style.go:48.67,49.31 1 0
github.com/pinchtab/pinchtab/internal/cli/termstyle/style.go:49.31,51.3 1 0
github.com/pinchtab/pinchtab/internal/cli/termstyle/style.go:52.2,52.27 1 0
github.com/pinchtab/pinchtab/internal/cli/termstyle/style.go:55.45,56.17 1 0
github.com/pinchtab/pinchtab/internal/cli/termstyle/style.go:56.17,58.3 1 0
github.com/pinchtab/pinchtab/internal/cli/termstyle/style.go:59.2,59.33 1 0
github.com/pinchtab/pinchtab/internal/cli/termstyle/style.go:59.33,61.3 1 0
github.com/pinchtab/pinchtab/internal/cli/termstyle/style.go:62.2,62.71 1 0
github.com/pinchtab/pinchtab/internal/cli/termstyle/style.go:62.71,64.3 1 0
github.com/pinchtab/pinchtab/internal/cli/termstyle/style.go:65.2,65.50 1 0
github.com/pinchtab/pinchtab/internal/cli/termstyle/style.go:65.50,67.3 1 0
github.com/pinchtab/pinchtab/internal/cli/termstyle/style.go:68.2,69.16 2 0
github.com/pinchtab/pinchtab/internal/cli/termstyle/style.go:69.16,71.3 1 0
github.com/pinchtab/pinchtab/internal/cli/termstyle/style.go:72.2,72.47 1 0
github.com/pinchtab/pinchtab/internal/cli/termstyle/style.go:75.62,77.23 2 0
github.com/pinchtab/pinchtab/internal/cli/termstyle/style.go:77.23,79.3 1 0
github.com/pinchtab/pinchtab/internal/cli/termstyle/style.go:80.2,81.16 2 0
github.com/pinchtab/pinchtab/internal/cli/termstyle/style.go:81.16,83.3 1 0
github.com/pinchtab/pinchtab/internal/cli/termstyle/style.go:84.2,84.85 1 0
github.com/pinchtab/pinchtab/internal/bridge/tabs/dialog.go:27.40,31.2 1 0
github.com/pinchtab/pinchtab/internal/bridge/tabs/dialog.go:33.71,37.2 3 0
github.com/pinchtab/pinchtab/internal/bridge/tabs/dialog.go:39.64,43.2 3 0
github.com/pinchtab/pinchtab/internal/bridge/tabs/dialog.go:45.53,49.2 3 0
github.com/pinchtab/pinchtab/internal/bridge/tabs/dialog.go:51.65,57.2 5 0
github.com/pinchtab/pinchtab/internal/bridge/tabs/dialog.go:59.78,60.79 1 0
github.com/pinchtab/pinchtab/internal/bridge/tabs/dialog.go:60.79,62.3 1 0
github.com/pinchtab/pinchtab/internal/bridge/tabs/dialog.go:65.96,66.50 1 0
github.com/pinchtab/pinchtab/internal/bridge/tabs/dialog.go:66.50,67.25 1 0
github.com/pinchtab/pinchtab/internal/bridge/tabs/dialog.go:68.43,76.18 3 0
github.com/pinchtab/pinchtab/internal/bridge/tabs/dialog.go:76.18,78.68 2 0
github.com/pinchtab/pinchtab/internal/bridge/tabs/dialog.go:78.68,81.6 2 0
github.com/pinchtab/pinchtab/internal/bridge/tabs/dialog.go:81.11,83.6 1 0
github.com/pinchtab/pinchtab/internal/bridge/tabs/dialog.go:84.10,86.5 1 0
github.com/pinchtab/pinchtab/internal/bridge/tabs/dialog.go:88.42,90.26 2 0
github.com/pinchtab/pinchtab/internal/bridge/tabs/dialog.go:95.52,96.79 1 0
github.com/pinchtab/pinchtab/internal/bridge/tabs/dialog.go:96.79,98.3 1 0
github.com/pinchtab/pinchtab/internal/bridge/tabs/dialog.go:107.135,109.18 2 0
github.com/pinchtab/pinchtab/internal/bridge/tabs/dialog.go:109.18,111.3 1 0
github.com/pinchtab/pinchtab/internal/bridge/tabs/dialog.go:113.2,113.62 1 0
github.com/pinchtab/pinchtab/internal/bridge/tabs/dialog.go:113.62,116.3 2 0
github.com/pinchtab/pinchtab/internal/bridge/tabs/dialog.go:118.2,122.8 1 0
github.com/pinchtab/pinchtab/internal/bridge/tabs/lock.go:26.36,30.2 1 0
github.com/pinchtab/pinchtab/internal/bridge/tabs/lock.go:32.77,37.60 4 0
github.com/pinchtab/pinchtab/internal/bridge/tabs/lock.go:37.60,39.3 1 0
github.com/pinchtab/pinchtab/internal/bridge/tabs/lock.go:41.2,45.12 2 0
github.com/pinchtab/pinchtab/internal/bridge/tabs/lock.go:48.57,53.40 4 0
github.com/pinchtab/pinchtab/internal/bridge/tabs/lock.go:53.40,56.3 2 0
github.com/pinchtab/pinchtab/internal/bridge/tabs/lock.go:58.2,58.22 1 0
github.com/pinchtab/pinchtab/internal/bridge/tabs/lock.go:58.22,60.3 1 0
github.com/pinchtab/pinchtab/internal/bridge/tabs/lock.go:62.2,63.12 2 0
github.com/pinchtab/pinchtab/internal/bridge/tabs/lock.go:66.51,71.40 4 0
github.com/pinchtab/pinchtab/internal/bridge/tabs/lock.go:71.40,73.3 1 0
github.com/pinchtab/pinchtab/internal/bridge/tabs/lock.go:75.2,78.3 1 0
github.com/pinchtab/pinchtab/internal/bridge/tabs/tab_executor.go:20.51,21.22 1 0
github.com/pinchtab/pinchtab/internal/bridge/tabs/tab_executor.go:21.22,23.3 1 0
github.com/pinchtab/pinchtab/internal/bridge/tabs/tab_executor.go:24.2,28.3 1 0
github.com/pinchtab/pinchtab/internal/bridge/tabs/tab_executor.go:31.31,33.11 2 0
github.com/pinchtab/pinchtab/internal/bridge/tabs/tab_executor.go:33.11,35.3 1 0
github.com/pinchtab/pinchtab/internal/bridge/tabs/tab_executor.go:36.2,36.11 1 0
github.com/pinchtab/pinchtab/internal/bridge/tabs/tab_executor.go:36.11,38.3 1 0
github.com/pinchtab/pinchtab/internal/bridge/tabs/tab_executor.go:39.2,39.10 1 0
github.com/pinchtab/pinchtab/internal/bridge/tabs/tab_executor.go:42.42,44.2 1 0
github.com/pinchtab/pinchtab/internal/bridge/tabs/tab_executor.go:46.59,50.9 4 0
github.com/pinchtab/pinchtab/internal/bridge/tabs/tab_executor.go:50.9,53.3 2 0
github.com/pinchtab/pinchtab/internal/bridge/tabs/tab_executor.go:54.2,54.10 1 0
github.com/pinchtab/pinchtab/internal/bridge/tabs/tab_executor.go:57.111,58.17 1 0
github.com/pinchtab/pinchtab/internal/bridge/tabs/tab_executor.go:58.17,60.3 1 0
github.com/pinchtab/pinchtab/internal/bridge/tabs/tab_executor.go:61.2,61.22 1 0
github.com/pinchtab/pinchtab/internal/bridge/tabs/tab_executor.go:61.22,63.3 1 0
github.com/pinchtab/pinchtab/internal/bridge/tabs/tab_executor.go:65.2,65.9 1 0
github.com/pinchtab/pinchtab/internal/bridge/tabs/tab_executor.go:66.34,67.16 1 0
github.com/pinchtab/pinchtab/internal/bridge/tabs/tab_executor.go:67.16,67.34 1 0
github.com/pinchtab/pinchtab/internal/bridge/tabs/tab_executor.go:68.20,69.80 1 0
github.com/pinchtab/pinchtab/internal/bridge/tabs/tab_executor.go:72.2,74.12 3 0
github.com/pinchtab/pinchtab/internal/bridge/tabs/tab_executor.go:74.12,77.3 2 0
github.com/pinchtab/pinchtab/internal/bridge/tabs/tab_executor.go:79.2,79.9 1 0
github.com/pinchtab/pinchtab/internal/bridge/tabs/tab_executor.go:80.16,81.23 1 0
github.com/pinchtab/pinchtab/internal/bridge/tabs/tab_executor.go:82.20,83.13 1 0
github.com/pinchtab/pinchtab/internal/bridge/tabs/tab_executor.go:83.13,86.4 2 0
github.com/pinchtab/pinchtab/internal/bridge/tabs/tab_executor.go:87.3,87.74 1 0
github.com/pinchtab/pinchtab/internal/bridge/tabs/tab_executor.go:90.2,90.37 1 0
github.com/pinchtab/pinchtab/internal/bridge/tabs/tab_executor.go:93.117,94.15 1 0
github.com/pinchtab/pinchtab/internal/bridge/tabs/tab_executor.go:94.15,95.31 1 0
github.com/pinchtab/pinchtab/internal/bridge/tabs/tab_executor.go:95.31,101.4 2 0
github.com/pinchtab/pinchtab/internal/bridge/tabs/tab_executor.go:103.2,103.18 1 0
github.com/pinchtab/pinchtab/internal/bridge/tabs/tab_executor.go:106.48,109.9 3 0
github.com/pinchtab/pinchtab/internal/bridge/tabs/tab_executor.go:109.9,112.3 2 0
github.com/pinchtab/pinchtab/internal/bridge/tabs/tab_executor.go:113.2,117.18 4 0
github.com/pinchtab/pinchtab/internal/bridge/tabs/tab_executor.go:120.41,124.2 3 0
github.com/pinchtab/pinchtab/internal/bridge/tabs/tab_executor.go:133.46,141.2 2 0
github.com/pinchtab/pinchtab/internal/bridge/tabs/tab_executor.go:143.145,147.2 3 0
github.com/pinchtab/pinchtab/internal/bridge/tabs/tab_executor.go:150.54,152.2 1 0
github.com/pinchtab/pinchtab/internal/bridge/tabs/tab_executor.go:155.54,157.2 1 0
github.com/pinchtab/pinchtab/internal/bridge/runtime/init.go:34.139,39.16 4 0
github.com/pinchtab/pinchtab/internal/bridge/runtime/init.go:39.16,43.3 3 0
github.com/pinchtab/pinchtab/internal/bridge/runtime/init.go:45.2,46.62 2 0
github.com/pinchtab/pinchtab/internal/bridge/runtime/init.go:49.32,51.62 2 0
github.com/pinchtab/pinchtab/internal/bridge/runtime/init.go:51.62,58.3 1 0
github.com/pinchtab/pinchtab/internal/bridge/runtime/init.go:58.8,69.3 1 0
github.com/pinchtab/pinchtab/internal/bridge/runtime/init.go:71.2,71.34 1 0
github.com/pinchtab/pinchtab/internal/bridge/runtime/init.go:71.34,72.42 1 0
github.com/pinchtab/pinchtab/internal/bridge/runtime/init.go:72.42,74.4 1 0
github.com/pinchtab/pinchtab/internal/bridge/runtime/init.go:76.2,76.11 1 0
github.com/pinchtab/pinchtab/internal/bridge/runtime/init.go:79.111,81.60 2 0
github.com/pinchtab/pinchtab/internal/bridge/runtime/init.go:81.60,83.3 1 0
github.com/pinchtab/pinchtab/internal/bridge/runtime/init.go:84.2,84.48 1 0
github.com/pinchtab/pinchtab/internal/bridge/runtime/init.go:87.136,92.47 2 0
github.com/pinchtab/pinchtab/internal/bridge/runtime/init.go:92.47,94.3 1 0
github.com/pinchtab/pinchtab/internal/bridge/runtime/init.go:96.2,97.24 2 0
github.com/pinchtab/pinchtab/internal/bridge/runtime/init.go:97.24,99.3 1 0
github.com/pinchtab/pinchtab/internal/bridge/runtime/init.go:100.2,100.24 1 0
github.com/pinchtab/pinchtab/internal/bridge/runtime/init.go:100.24,102.3 1 0
github.com/pinchtab/pinchtab/internal/bridge/runtime/init.go:104.2,104.18 1 0
github.com/pinchtab/pinchtab/internal/bridge/runtime/init.go:104.18,111.3 6 0
github.com/pinchtab/pinchtab/internal/bridge/runtime/init.go:111.8,113.3 1 0
github.com/pinchtab/pinchtab/internal/bridge/runtime/init.go:115.2,115.33 1 0
github.com/pinchtab/pinchtab/internal/bridge/runtime/init.go:115.33,117.43 2 0
github.com/pinchtab/pinchtab/internal/bridge/runtime/init.go:117.43,118.43 1 0
github.com/pinchtab/pinchtab/internal/bridge/runtime/init.go:118.43,120.5 1 0
github.com/pinchtab/pinchtab/internal/bridge/runtime/init.go:122.3,122.26 1 0
github.com/pinchtab/pinchtab/internal/bridge/runtime/init.go:122.26,129.4 6 0
github.com/pinchtab/pinchtab/internal/bridge/runtime/init.go:130.3,130.65 1 0
github.com/pinchtab/pinchtab/internal/bridge/runtime/init.go:131.8,134.3 2 0
github.com/pinchtab/pinchtab/internal/bridge/runtime/init.go:136.2,136.26 1 0
github.com/pinchtab/pinchtab/internal/bridge/runtime/init.go:136.26,138.3 1 0
github.com/pinchtab/pinchtab/internal/bridge/runtime/init.go:140.2,143.24 3 0
github.com/pinchtab/pinchtab/internal/bridge/runtime/init.go:143.24,145.3 1 0
github.com/pinchtab/pinchtab/internal/bridge/runtime/init.go:147.2,147.32 1 0
github.com/pinchtab/pinchtab/internal/bridge/runtime/init.go:147.32,148.58 1 0
github.com/pinchtab/pinchtab/internal/bridge/runtime/init.go:148.58,150.4 1 0
github.com/pinchtab/pinchtab/internal/bridge/runtime/init.go:152.2,152.59 1 0
github.com/pinchtab/pinchtab/internal/bridge/runtime/init.go:152.59,154.3 1 0
github.com/pinchtab/pinchtab/internal/bridge/runtime/init.go:156.2,157.87 2 0
github.com/pinchtab/pinchtab/internal/bridge/runtime/init.go:157.87,160.3 2 0
github.com/pinchtab/pinchtab/internal/bridge/runtime/init.go:161.2,162.65 2 0
github.com/pinchtab/pinchtab/internal/bridge/runtime/init.go:162.65,163.45 1 0
github.com/pinchtab/pinchtab/internal/bridge/runtime/init.go:163.45,165.4 1 0
github.com/pinchtab/pinchtab/internal/bridge/runtime/init.go:168.2,169.37 2 0
github.com/pinchtab/pinchtab/internal/bridge/runtime/init.go:172.182,174.2 1 0
github.com/pinchtab/pinchtab/internal/bridge/runtime/init.go:176.219,181.35 4 0
github.com/pinchtab/pinchtab/internal/bridge/runtime/init.go:181.35,183.3 1 0
github.com/pinchtab/pinchtab/internal/bridge/runtime/init.go:184.2,189.12 5 0
github.com/pinchtab/pinchtab/internal/bridge/runtime/init.go:189.12,190.99 1 0
github.com/pinchtab/pinchtab/internal/bridge/runtime/init.go:190.99,192.4 1 0
github.com/pinchtab/pinchtab/internal/bridge/runtime/init.go:195.2,196.9 2 0
github.com/pinchtab/pinchtab/internal/bridge/runtime/init.go:197.22,198.16 1 0
github.com/pinchtab/pinchtab/internal/bridge/runtime/init.go:199.42,200.106 1 0
github.com/pinchtab/pinchtab/internal/bridge/runtime/init.go:203.2,203.16 1 0
github.com/pinchtab/pinchtab/internal/bridge/runtime/init.go:203.16,208.109 4 0
github.com/pinchtab/pinchtab/internal/bridge/runtime/init.go:208.109,209.44 1 0
github.com/pinchtab/pinchtab/internal/bridge/runtime/init.go:209.44,210.89 1 0
github.com/pinchtab/pinchtab/internal/bridge/runtime/init.go:210.89,213.6 2 0
github.com/pinchtab/pinchtab/internal/bridge/runtime/init.go:217.3,217.45 1 0
github.com/pinchtab/pinchtab/internal/bridge/runtime/init.go:217.45,221.4 3 0
github.com/pinchtab/pinchtab/internal/bridge/runtime/init.go:223.3,223.70 1 0
github.com/pinchtab/pinchtab/internal/bridge/runtime/init.go:226.2,226.89 1 0
github.com/pinchtab/pinchtab/internal/bridge/runtime/init.go:226.89,228.3 1 0
github.com/pinchtab/pinchtab/internal/bridge/runtime/init.go:228.18,232.3 3 0
github.com/pinchtab/pinchtab/internal/bridge/runtime/init.go:234.2,234.28 1 0
github.com/pinchtab/pinchtab/internal/bridge/runtime/init.go:234.28,237.3 2 0
github.com/pinchtab/pinchtab/internal/bridge/runtime/init.go:240.39,241.46 1 0
github.com/pinchtab/pinchtab/internal/bridge/runtime/init.go:241.46,243.3 1 0
github.com/pinchtab/pinchtab/internal/bridge/runtime/init.go:244.2,245.105 2 0
github.com/pinchtab/pinchtab/internal/bridge/runtime/init.go:248.172,250.24 2 0
github.com/pinchtab/pinchtab/internal/bridge/runtime/init.go:250.24,252.3 1 0
github.com/pinchtab/pinchtab/internal/bridge/runtime/init.go:253.2,253.24 1 0
github.com/pinchtab/pinchtab/internal/bridge/runtime/init.go:253.24,255.3 1 0
github.com/pinchtab/pinchtab/internal/bridge/runtime/init.go:257.2,262.36 5 0
github.com/pinchtab/pinchtab/internal/bridge/runtime/init.go:262.36,264.3 1 0
github.com/pinchtab/pinchtab/internal/bridge/runtime/init.go:266.2,267.16 2 0
github.com/pinchtab/pinchtab/internal/bridge/runtime/init.go:267.16,270.3 2 0
github.com/pinchtab/pinchtab/internal/bridge/runtime/init.go:272.2,275.89 3 0
github.com/pinchtab/pinchtab/internal/bridge/runtime/init.go:275.89,277.3 1 0
github.com/pinchtab/pinchtab/internal/bridge/runtime/init.go:277.18,282.3 4 0
github.com/pinchtab/pinchtab/internal/bridge/runtime/init.go:284.2,284.28 1 0
github.com/pinchtab/pinchtab/internal/bridge/runtime/init.go:284.28,288.3 3 0
github.com/pinchtab/pinchtab/internal/bridge/runtime/init.go:291.48,292.41 1 0
github.com/pinchtab/pinchtab/internal/bridge/runtime/init.go:292.41,294.17 2 0
github.com/pinchtab/pinchtab/internal/bridge/runtime/init.go:294.17,297.4 2 0
github.com/pinchtab/pinchtab/internal/bridge/runtime/init.go:299.2,299.75 1 0
github.com/pinchtab/pinchtab/internal/bridge/runtime/init.go:302.77,307.34 4 0
github.com/pinchtab/pinchtab/internal/bridge/runtime/init.go:307.34,309.17 2 0
github.com/pinchtab/pinchtab/internal/bridge/runtime/init.go:309.17,315.59 4 0
github.com/pinchtab/pinchtab/internal/bridge/runtime/init.go:315.59,317.5 1 0
github.com/pinchtab/pinchtab/internal/bridge/runtime/init.go:319.3,319.37 1 0
github.com/pinchtab/pinchtab/internal/bridge/runtime/init.go:321.2,321.87 1 0
github.com/pinchtab/pinchtab/internal/bridge/runtime/init.go:324.39,352.2 1 0
github.com/pinchtab/pinchtab/internal/bridge/runtime/init.go:354.61,355.52 1 0
github.com/pinchtab/pinchtab/internal/bridge/runtime/init.go:355.52,357.3 1 0
github.com/pinchtab/pinchtab/internal/bridge/runtime/init.go:358.2,358.13 1 0
github.com/pinchtab/pinchtab/internal/bridge/runtime/init.go:361.68,364.33 2 0
github.com/pinchtab/pinchtab/internal/bridge/runtime/init.go:364.33,367.3 2 0
github.com/pinchtab/pinchtab/internal/bridge/runtime/init.go:367.8,369.3 1 0
github.com/pinchtab/pinchtab/internal/bridge/runtime/init.go:371.2,371.18 1 0
github.com/pinchtab/pinchtab/internal/bridge/runtime/init.go:371.18,379.3 1 0
github.com/pinchtab/pinchtab/internal/bridge/runtime/init.go:381.2,381.26 1 0
github.com/pinchtab/pinchtab/internal/bridge/runtime/init.go:381.26,383.3 1 0
github.com/pinchtab/pinchtab/internal/bridge/runtime/init.go:385.2,388.24 3 0
github.com/pinchtab/pinchtab/internal/bridge/runtime/init.go:388.24,390.3 1 0
github.com/pinchtab/pinchtab/internal/bridge/runtime/init.go:392.2,392.32 1 0
github.com/pinchtab/pinchtab/internal/bridge/runtime/init.go:392.32,394.3 1 0
github.com/pinchtab/pinchtab/internal/bridge/runtime/init.go:396.2,396.45 1 0
github.com/pinchtab/pinchtab/internal/bridge/runtime/init.go:440.63,446.2 1 0
github.com/pinchtab/pinchtab/internal/bridge/runtime/init.go:448.36,455.2 3 0
github.com/pinchtab/pinchtab/internal/bridge/runtime/init.go:463.76,465.2 1 0
github.com/pinchtab/pinchtab/internal/bridge/runtime/init.go:467.58,469.6 2 0
github.com/pinchtab/pinchtab/internal/bridge/runtime/init.go:469.6,471.14 2 0
github.com/pinchtab/pinchtab/internal/bridge/runtime/init.go:471.14,472.9 1 0
github.com/pinchtab/pinchtab/internal/bridge/runtime/init.go:474.3,476.20 3 0
github.com/pinchtab/pinchtab/internal/bridge/runtime/init.go:476.20,477.84 1 0
github.com/pinchtab/pinchtab/internal/bridge/runtime/init.go:477.84,479.5 1 0
github.com/pinchtab/pinchtab/internal/bridge/runtime/init.go:482.2,482.20 1 0
